#
# A fatal error has been detected by the Java Runtime Environment:
#
#  EXCEPTION_ACCESS_VIOLATION (0xc0000005) at pc=0x000000006356ef15, pid=34560, tid=0x000000000000857c
#
# JRE version: Java(TM) SE Runtime Environment (8.0_162-b12) (build 1.8.0_162-b12)
# Java VM: Java HotSpot(TM) 64-Bit Server VM (25.162-b12 mixed mode windows-amd64 compressed oops)
# Problematic frame:
# V  [jvm.dll+0x13ef15]
#
# Failed to write core dump. Minidumps are not enabled by default on client versions of Windows
#
# If you would like to submit a bug report, please visit:
#   http://bugreport.java.com/bugreport/crash.jsp
#

---------------  T H R E A D  ---------------

Current thread (0x000000001baa5000):  JavaThread "JavaFX Application Thread" [_thread_in_vm, id=34172, stack(0x000000001c700000,0x000000001c800000)]

siginfo: ExceptionCode=0xc0000005, reading address 0x0000000000000000

Registers:
RAX=0x0000000000000000, RBX=0x000000001baa5000, RCX=0x0000000000000500, RDX=0x0000000000000000
RSP=0x000000001c7fbd50, RBP=0x000000001c7fc0a0, RSI=0x000000001baa51f8, RDI=0x0000000000000000
R8 =0x00007ff893092044, R9 =0x00000000d5cbdfa0, R10=0x00000000007d3a80, R11=0x000000001c7fbd90
R12=0x0000000000000000, R13=0x00000000194cf3e8, R14=0x000000001c7fc110, R15=0x000000001baa5000
RIP=0x000000006356ef15, EFLAGS=0x0000000000010202

Top of Stack: (sp=0x000000001c7fbd50)
0x000000001c7fbd50:   000000001baa5000 000000006358ef71
0x000000001c7fbd60:   00000000194cf3e8 000000001baa5000
0x000000001c7fbd70:   000000001baa5000 0000000000000000
0x000000001c7fbd80:   0000000063a14700 0000000000000000
0x000000001c7fbd90:   0000000000000000 00007ff893072e9b
0x000000001c7fbda0:   00000000194cf3e8 000000001c7fc0a0
0x000000001c7fbdb0:   00000000194ce6a8 00007ff8930768e7
0x000000001c7fbdc0:   0000ad79591f7011 0000000000000018
0x000000001c7fbdd0:   0000000000000000 00000000194ce6a8
0x000000001c7fbde0:   000000001c7fc0a0 00007ff8930710d6
0x000000001c7fbdf0:   000000001baa51f8 0000000000000000
0x000000001c7fbe00:   00007ff893092044 00000000194cf3e8
0x000000001c7fbe10:   0000000004ba12a0 0000000019010000
0x000000001c7fbe20:   000000001c7fbd80 0000000000000000
0x000000001c7fbe30:   0000000000000000 0000000000000000
0x000000001c7fbe40:   0000000000000000 0000000000000000 

Instructions: (pc=0x000000006356ef15)
0x000000006356eef5:   89 5c 24 20 48 c7 44 24 28 00 00 00 00 74 0a 48
0x000000006356ef05:   8d 4c 24 20 e8 22 d2 13 00 80 3d cc 25 6d 00 00
0x000000006356ef15:   48 8b 17 74 15 8b 52 08 8b 0d 85 58 66 00 48 d3
0x000000006356ef25:   e2 48 03 15 73 58 66 00 eb 04 48 8b 52 08 48 8b 


Register to memory mapping:

RAX=0x0000000000000000 is an unknown value
RBX=0x000000001baa5000 is a thread
RCX=0x0000000000000500 is an unknown value
RDX=0x0000000000000000 is an unknown value
RSP=0x000000001c7fbd50 is pointing into the stack for thread: 0x000000001baa5000
RBP=0x000000001c7fc0a0 is pointing into the stack for thread: 0x000000001baa5000
RSI=0x000000001baa51f8 is an unknown value
RDI=0x0000000000000000 is an unknown value
R8 =0x00007ff893092044 is an unknown value
R9 =0x00000000d5cbdfa0 is an oop
[Ljaci.pathfinder.Waypoint; 
 - klass: 'jaci/pathfinder/Waypoint'[]
 - length: 1
R10=0x00000000007d3a80 is an unknown value
R11=0x000000001c7fbd90 is pointing into the stack for thread: 0x000000001baa5000
R12=0x0000000000000000 is an unknown value
R13={method} {0x00000000194cf3f0} 'generateTrajectory' '([Ljaci/pathfinder/Waypoint;Ljaci/pathfinder/Trajectory$FitMethod;IDDDD)[Ljaci/pathfinder/Trajectory$Segment;' in 'jaci/pathfinder/PathfinderJNI'
R14=0x000000001c7fc110 is pointing into the stack for thread: 0x000000001baa5000
R15=0x000000001baa5000 is a thread


Stack: [0x000000001c700000,0x000000001c800000],  sp=0x000000001c7fbd50,  free space=1007k
Native frames: (J=compiled Java code, j=interpreted, Vv=VM code, C=native code)
V  [jvm.dll+0x13ef15]
C  0x00007ff893072e9b
C  0x00007ff8930710d6
C  0x0000000004b58627

Java frames: (J=compiled Java code, j=interpreted, Vv=VM code)
j  jaci.pathfinder.PathfinderJNI.generateTrajectory([Ljaci/pathfinder/Waypoint;Ljaci/pathfinder/Trajectory$FitMethod;IDDDD)[Ljaci/pathfinder/Trajectory$Segment;+0
j  jaci.pathfinder.PathfinderJNI.generateTrajectory([Ljaci/pathfinder/Waypoint;Ljaci/pathfinder/Trajectory$Config;)Ljaci/pathfinder/Trajectory;+29
j  jaci.pathfinder.Pathfinder.generate([Ljaci/pathfinder/Waypoint;Ljaci/pathfinder/Trajectory$Config;)Ljaci/pathfinder/Trajectory;+2
j  com.jtulayan.main.ProfileGenerator.updateTrajectories()V+49
j  com.jtulayan.main.ProfileGenerator.exportTrajectories(Ljava/io/File;)Z+3
j  com.jtulayan.ui.javafx.MPGenController.showExportAsCSVDialog()V+108
v  ~StubRoutines::call_stub
J 881  sun.reflect.NativeMethodAccessorImpl.invoke0(Ljava/lang/reflect/Method;Ljava/lang/Object;[Ljava/lang/Object;)Ljava/lang/Object; (0 bytes) @ 0x0000000004e940ff [0x0000000004e94080+0x7f]
J 815 C1 sun.reflect.NativeMethodAccessorImpl.invoke(Ljava/lang/Object;[Ljava/lang/Object;)Ljava/lang/Object; (104 bytes) @ 0x0000000004e55fe4 [0x0000000004e54e40+0x11a4]
J 763 C1 sun.reflect.DelegatingMethodAccessorImpl.invoke(Ljava/lang/Object;[Ljava/lang/Object;)Ljava/lang/Object; (10 bytes) @ 0x0000000004e26dc4 [0x0000000004e26cc0+0x104]
J 762 C1 java.lang.reflect.Method.invoke(Ljava/lang/Object;[Ljava/lang/Object;)Ljava/lang/Object; (62 bytes) @ 0x0000000004e267ec [0x0000000004e26400+0x3ec]
J 832 C1 sun.reflect.GeneratedMethodAccessor1.invoke(Ljava/lang/Object;[Ljava/lang/Object;)Ljava/lang/Object; (65 bytes) @ 0x0000000004e5e87c [0x0000000004e5e4c0+0x3bc]
J 763 C1 sun.reflect.DelegatingMethodAccessorImpl.invoke(Ljava/lang/Object;[Ljava/lang/Object;)Ljava/lang/Object; (10 bytes) @ 0x0000000004e26dc4 [0x0000000004e26cc0+0x104]
J 762 C1 java.lang.reflect.Method.invoke(Ljava/lang/Object;[Ljava/lang/Object;)Ljava/lang/Object; (62 bytes) @ 0x0000000004e267ec [0x0000000004e26400+0x3ec]
J 825 C1 sun.reflect.misc.MethodUtil.invoke(Ljava/lang/reflect/Method;Ljava/lang/Object;[Ljava/lang/Object;)Ljava/lang/Object; (111 bytes) @ 0x0000000004e58a7c [0x0000000004e585c0+0x4bc]
j  javafx.fxml.FXMLLoader$MethodHandler.invoke([Ljava/lang/Object;)V+38
j  javafx.fxml.FXMLLoader$ControllerMethodEventHandler.handle(Ljavafx/event/Event;)V+12
j  com.sun.javafx.event.CompositeEventHandler.dispatchBubblingEvent(Ljavafx/event/Event;)V+51
J 2750 C1 com.sun.javafx.event.EventHandlerManager.dispatchBubblingEvent(Ljavafx/event/Event;)Ljavafx/event/Event; (23 bytes) @ 0x00000000053cb18c [0x00000000053caae0+0x6ac]
J 2623 C1 com.sun.javafx.event.BasicEventDispatcher.dispatchEvent(Ljavafx/event/Event;Ljavafx/event/EventDispatchChain;)Ljavafx/event/Event; (44 bytes) @ 0x000000000536b67c [0x000000000536b340+0x33c]
J 2485 C1 com.sun.javafx.event.EventDispatchChainImpl.dispatchEvent(Ljavafx/event/Event;)Ljavafx/event/Event; (101 bytes) @ 0x0000000005318634 [0x0000000005318480+0x1b4]
J 2816 C1 com.sun.javafx.event.EventUtil.fireEvent(Ljavafx/event/EventTarget;Ljavafx/event/Event;)Ljavafx/event/Event; (81 bytes) @ 0x0000000005406034 [0x0000000005405440+0xbf4]
J 2815 C1 javafx.event.Event.fireEvent(Ljavafx/event/EventTarget;Ljavafx/event/Event;)V (35 bytes) @ 0x00000000053fd52c [0x00000000053fd460+0xcc]
j  javafx.scene.control.MenuItem.fire()V+10
j  com.sun.javafx.scene.control.skin.ContextMenuContent$MenuItemContainer.doSelect()V+97
j  com.sun.javafx.scene.control.skin.ContextMenuContent$MenuItemContainer.lambda$createChildren$343(Ljavafx/scene/input/MouseEvent;)V+1
j  com.sun.javafx.scene.control.skin.ContextMenuContent$MenuItemContainer$$Lambda$296.handle(Ljavafx/event/Event;)V+8
j  com.sun.javafx.event.CompositeEventHandler$NormalEventHandlerRecord.handleBubblingEvent(Ljavafx/event/Event;)V+5
j  com.sun.javafx.event.CompositeEventHandler.dispatchBubblingEvent(Ljavafx/event/Event;)V+28
J 2750 C1 com.sun.javafx.event.EventHandlerManager.dispatchBubblingEvent(Ljavafx/event/Event;)Ljavafx/event/Event; (23 bytes) @ 0x00000000053cb18c [0x00000000053caae0+0x6ac]
J 2751 C1 com.sun.javafx.event.CompositeEventDispatcher.dispatchBubblingEvent(Ljavafx/event/Event;)Ljavafx/event/Event; (35 bytes) @ 0x00000000053cbb5c [0x00000000053cb9a0+0x1bc]
J 2623 C1 com.sun.javafx.event.BasicEventDispatcher.dispatchEvent(Ljavafx/event/Event;Ljavafx/event/EventDispatchChain;)Ljavafx/event/Event; (44 bytes) @ 0x000000000536b67c [0x000000000536b340+0x33c]
J 2485 C1 com.sun.javafx.event.EventDispatchChainImpl.dispatchEvent(Ljavafx/event/Event;)Ljavafx/event/Event; (101 bytes) @ 0x0000000005318634 [0x0000000005318480+0x1b4]
J 2623 C1 com.sun.javafx.event.BasicEventDispatcher.dispatchEvent(Ljavafx/event/Event;Ljavafx/event/EventDispatchChain;)Ljavafx/event/Event; (44 bytes) @ 0x000000000536b594 [0x000000000536b340+0x254]
J 2485 C1 com.sun.javafx.event.EventDispatchChainImpl.dispatchEvent(Ljavafx/event/Event;)Ljavafx/event/Event; (101 bytes) @ 0x0000000005318634 [0x0000000005318480+0x1b4]
J 2623 C1 com.sun.javafx.event.BasicEventDispatcher.dispatchEvent(Ljavafx/event/Event;Ljavafx/event/EventDispatchChain;)Ljavafx/event/Event; (44 bytes) @ 0x000000000536b594 [0x000000000536b340+0x254]
J 2485 C1 com.sun.javafx.event.EventDispatchChainImpl.dispatchEvent(Ljavafx/event/Event;)Ljavafx/event/Event; (101 bytes) @ 0x0000000005318634 [0x0000000005318480+0x1b4]
J 2623 C1 com.sun.javafx.event.BasicEventDispatcher.dispatchEvent(Ljavafx/event/Event;Ljavafx/event/EventDispatchChain;)Ljavafx/event/Event; (44 bytes) @ 0x000000000536b594 [0x000000000536b340+0x254]
J 2485 C1 com.sun.javafx.event.EventDispatchChainImpl.dispatchEvent(Ljavafx/event/Event;)Ljavafx/event/Event; (101 bytes) @ 0x0000000005318634 [0x0000000005318480+0x1b4]
J 2816 C1 com.sun.javafx.event.EventUtil.fireEvent(Ljavafx/event/EventTarget;Ljavafx/event/Event;)Ljavafx/event/Event; (81 bytes) @ 0x0000000005405b84 [0x0000000005405440+0x744]
J 2815 C1 javafx.event.Event.fireEvent(Ljavafx/event/EventTarget;Ljavafx/event/Event;)V (35 bytes) @ 0x00000000053fd52c [0x00000000053fd460+0xcc]
j  javafx.scene.Scene$MouseHandler.process(Ljavafx/scene/input/MouseEvent;Z)V+491
j  javafx.scene.Scene$MouseHandler.access$1500(Ljavafx/scene/Scene$MouseHandler;Ljavafx/scene/input/MouseEvent;Z)V+3
j  javafx.scene.Scene.impl_processMouseEvent(Ljavafx/scene/input/MouseEvent;)V+6
j  javafx.scene.Scene$ScenePeerListener.mouseEvent(Ljavafx/event/EventType;DDDDLjavafx/scene/input/MouseButton;ZZZZZZZZZ)V+46
j  com.sun.javafx.tk.quantum.GlassViewEventHandler$MouseEventNotification.run()Ljava/lang/Void;+571
j  com.sun.javafx.tk.quantum.GlassViewEventHandler$MouseEventNotification.run()Ljava/lang/Object;+1
v  ~StubRoutines::call_stub
J 2321  java.security.AccessController.doPrivileged(Ljava/security/PrivilegedAction;Ljava/security/AccessControlContext;)Ljava/lang/Object; (0 bytes) @ 0x00000000052b0a26 [0x00000000052b09c0+0x66]
j  com.sun.javafx.tk.quantum.GlassViewEventHandler.lambda$handleMouseEvent$353()Ljava/lang/Void;+11
j  com.sun.javafx.tk.quantum.GlassViewEventHandler$$Lambda$328.get()Ljava/lang/Object;+4
J 2892 C1 com.sun.javafx.tk.quantum.QuantumToolkit.runWithoutRenderLock(Ljava/util/function/Supplier;)Ljava/lang/Object; (49 bytes) @ 0x000000000544929c [0x0000000005448d60+0x53c]
j  com.sun.javafx.tk.quantum.GlassViewEventHandler.handleMouseEvent(Lcom/sun/glass/ui/View;JIIIIIIIZZ)V+103
j  com.sun.glass.ui.View.handleMouseEvent(JIIIIIIIZZ)V+30
j  com.sun.glass.ui.View.notifyMouse(IIIIIIIZZ)V+181
v  ~StubRoutines::call_stub
j  com.sun.glass.ui.win.WinApplication._runLoop(Ljava/lang/Runnable;)V+0
j  com.sun.glass.ui.win.WinApplication.lambda$null$147(ILjava/lang/Runnable;)V+8
j  com.sun.glass.ui.win.WinApplication$$Lambda$37.run()V+12
j  java.lang.Thread.run()V+11
v  ~StubRoutines::call_stub

---------------  P R O C E S S  ---------------

Java Threads: ( => current thread )
  0x000000001f4ae800 JavaThread "Prism Font Disposer" daemon [_thread_blocked, id=34236, stack(0x0000000022460000,0x0000000022560000)]
  0x000000001bb48800 JavaThread "Thread-3" daemon [_thread_in_native, id=34120, stack(0x000000001eb40000,0x000000001ec40000)]
  0x000000001bb28800 JavaThread "JavaFX-Launcher" [_thread_blocked, id=34628, stack(0x000000001ec40000,0x000000001ed40000)]
=>0x000000001baa5000 JavaThread "JavaFX Application Thread" [_thread_in_vm, id=34172, stack(0x000000001c700000,0x000000001c800000)]
  0x000000001ba8a800 JavaThread "Thread-1" daemon [_thread_blocked, id=33528, stack(0x000000001c600000,0x000000001c700000)]
  0x000000001ba84800 JavaThread "QuantumRenderer-0" daemon [_thread_blocked, id=32492, stack(0x000000001c280000,0x000000001c380000)]
  0x000000001ae6f800 JavaThread "Service Thread" daemon [_thread_blocked, id=33972, stack(0x000000001b560000,0x000000001b660000)]
  0x000000001adf1800 JavaThread "C1 CompilerThread2" daemon [_thread_blocked, id=34076, stack(0x000000001b460000,0x000000001b560000)]
  0x000000001adec800 JavaThread "C2 CompilerThread1" daemon [_thread_blocked, id=32892, stack(0x000000001b360000,0x000000001b460000)]
  0x000000001ade0000 JavaThread "C2 CompilerThread0" daemon [_thread_blocked, id=34232, stack(0x000000001b260000,0x000000001b360000)]
  0x000000001adde800 JavaThread "Monitor Ctrl-Break" daemon [_thread_in_native, id=33992, stack(0x000000001b160000,0x000000001b260000)]
  0x00000000196fc000 JavaThread "Attach Listener" daemon [_thread_blocked, id=34432, stack(0x000000001ac60000,0x000000001ad60000)]
  0x00000000196fa800 JavaThread "Signal Dispatcher" daemon [_thread_blocked, id=31384, stack(0x000000001ab60000,0x000000001ac60000)]
  0x0000000004b3e800 JavaThread "Finalizer" daemon [_thread_blocked, id=34124, stack(0x000000001a970000,0x000000001aa70000)]
  0x0000000004b32000 JavaThread "Reference Handler" daemon [_thread_blocked, id=34364, stack(0x000000001a870000,0x000000001a970000)]
  0x0000000004a42800 JavaThread "main" [_thread_blocked, id=33628, stack(0x0000000004790000,0x0000000004890000)]

Other Threads:
  0x00000000196c7800 VMThread [stack: 0x000000001a770000,0x000000001a870000] [id=34428]
  0x000000001aeaf000 WatcherThread [stack: 0x000000001b660000,0x000000001b760000] [id=34032]

VM state:not at safepoint (normal execution)

VM Mutex/Monitor currently owned by a thread: None

Heap:
 PSYoungGen      total 38400K, used 5688K [0x00000000d5900000, 0x00000000d8380000, 0x0000000100000000)
  eden space 33280K, 17% used [0x00000000d5900000,0x00000000d5e8e240,0x00000000d7980000)
  from space 5120K, 0% used [0x00000000d7e80000,0x00000000d7e80000,0x00000000d8380000)
  to   space 5120K, 0% used [0x00000000d7980000,0x00000000d7980000,0x00000000d7e80000)
 ParOldGen       total 73728K, used 10702K [0x0000000080a00000, 0x0000000085200000, 0x00000000d5900000)
  object space 73728K, 14% used [0x0000000080a00000,0x0000000081473a30,0x0000000085200000)
 Metaspace       used 20843K, capacity 22234K, committed 22400K, reserved 1069056K
  class space    used 3105K, capacity 3400K, committed 3456K, reserved 1048576K

Card table byte_map: [0x0000000013f00000,0x0000000014300000] byte_map_base: 0x0000000013afb000

Marking Bits: (ParMarkBitMap*) 0x0000000063c50860
 Begin Bits: [0x00000000149b0000, 0x0000000016988000)
 End Bits:   [0x0000000016988000, 0x0000000018960000)

Polling page: 0x0000000004710000

CodeCache: size=245760Kb used=9473Kb max_used=9484Kb free=236286Kb
 bounds [0x0000000004b40000, 0x0000000005490000, 0x0000000013b40000]
 total_blobs=3685 nmethods=3011 adapters=587
 compilation: enabled

Compilation events (10 events):
Event: 9.858 Thread 0x000000001adf1800 2983   !   3       java.lang.StringCoding$StringEncoder::encode (179 bytes)
Event: 9.860 Thread 0x000000001adf1800 nmethod 2983 0x000000000547f590 code [0x000000000547f8e0, 0x0000000005481558]
Event: 9.860 Thread 0x000000001adf1800 2989   !   3       java.lang.StringCoding::encode (64 bytes)
Event: 9.860 Thread 0x000000001adf1800 nmethod 2989 0x0000000005482690 code [0x0000000005482900, 0x0000000005483608]
Event: 9.860 Thread 0x000000001adf1800 2999       3       sun.nio.fs.WindowsPath::getFileName (87 bytes)
Event: 9.861 Thread 0x000000001adf1800 nmethod 2999 0x0000000005479bd0 code [0x0000000005479da0, 0x000000000547a898]
Event: 9.862 Thread 0x000000001adf1800 3010       3       java.util.zip.ZStreamRef::address (5 bytes)
Event: 9.862 Thread 0x000000001adf1800 nmethod 3010 0x0000000005483c90 code [0x0000000005483de0, 0x0000000005483f30]
Event: 9.873 Thread 0x000000001adec800 nmethod 3009% 0x0000000005487690 code [0x00000000054877e0, 0x00000000054882b8]
Event: 9.886 Thread 0x000000001adf1800 3011 %     3       java.lang.String::indexOf @ 53 (166 bytes)

GC Heap History (6 events):
Event: 0.935 GC heap before
{Heap before GC invocations=1 (full 0):
 PSYoungGen      total 38400K, used 33280K [0x00000000d5900000, 0x00000000d8380000, 0x0000000100000000)
  eden space 33280K, 100% used [0x00000000d5900000,0x00000000d7980000,0x00000000d7980000)
  from space 5120K, 0% used [0x00000000d7e80000,0x00000000d7e80000,0x00000000d8380000)
  to   space 5120K, 0% used [0x00000000d7980000,0x00000000d7980000,0x00000000d7e80000)
 ParOldGen       total 87552K, used 0K [0x0000000080a00000, 0x0000000085f80000, 0x00000000d5900000)
  object space 87552K, 0% used [0x0000000080a00000,0x0000000080a00000,0x0000000085f80000)
 Metaspace       used 13130K, capacity 13666K, committed 13824K, reserved 1060864K
  class space    used 1840K, capacity 1969K, committed 2048K, reserved 1048576K
Event: 0.944 GC heap after
Heap after GC invocations=1 (full 0):
 PSYoungGen      total 38400K, used 4128K [0x00000000d5900000, 0x00000000d8380000, 0x0000000100000000)
  eden space 33280K, 0% used [0x00000000d5900000,0x00000000d5900000,0x00000000d7980000)
  from space 5120K, 80% used [0x00000000d7980000,0x00000000d7d88040,0x00000000d7e80000)
  to   space 5120K, 0% used [0x00000000d7e80000,0x00000000d7e80000,0x00000000d8380000)
 ParOldGen       total 87552K, used 80K [0x0000000080a00000, 0x0000000085f80000, 0x00000000d5900000)
  object space 87552K, 0% used [0x0000000080a00000,0x0000000080a14010,0x0000000085f80000)
 Metaspace       used 13130K, capacity 13666K, committed 13824K, reserved 1060864K
  class space    used 1840K, capacity 1969K, committed 2048K, reserved 1048576K
}
Event: 2.059 GC heap before
{Heap before GC invocations=2 (full 0):
 PSYoungGen      total 38400K, used 33705K [0x00000000d5900000, 0x00000000d8380000, 0x0000000100000000)
  eden space 33280K, 88% used [0x00000000d5900000,0x00000000d75e2638,0x00000000d7980000)
  from space 5120K, 80% used [0x00000000d7980000,0x00000000d7d88040,0x00000000d7e80000)
  to   space 5120K, 0% used [0x00000000d7e80000,0x00000000d7e80000,0x00000000d8380000)
 ParOldGen       total 87552K, used 80K [0x0000000080a00000, 0x0000000085f80000, 0x00000000d5900000)
  object space 87552K, 0% used [0x0000000080a00000,0x0000000080a14010,0x0000000085f80000)
 Metaspace       used 19836K, capacity 21106K, committed 21248K, reserved 1067008K
  class space    used 2998K, capacity 3223K, committed 3328K, reserved 1048576K
Event: 2.070 GC heap after
Heap after GC invocations=2 (full 0):
 PSYoungGen      total 38400K, used 5088K [0x00000000d5900000, 0x00000000d8380000, 0x0000000100000000)
  eden space 33280K, 0% used [0x00000000d5900000,0x00000000d5900000,0x00000000d7980000)
  from space 5120K, 99% used [0x00000000d7e80000,0x00000000d8378050,0x00000000d8380000)
  to   space 5120K, 0% used [0x00000000d7980000,0x00000000d7980000,0x00000000d7e80000)
 ParOldGen       total 87552K, used 7698K [0x0000000080a00000, 0x0000000085f80000, 0x00000000d5900000)
  object space 87552K, 8% used [0x0000000080a00000,0x0000000081184ac0,0x0000000085f80000)
 Metaspace       used 19836K, capacity 21106K, committed 21248K, reserved 1067008K
  class space    used 2998K, capacity 3223K, committed 3328K, reserved 1048576K
}
Event: 2.070 GC heap before
{Heap before GC invocations=3 (full 1):
 PSYoungGen      total 38400K, used 5088K [0x00000000d5900000, 0x00000000d8380000, 0x0000000100000000)
  eden space 33280K, 0% used [0x00000000d5900000,0x00000000d5900000,0x00000000d7980000)
  from space 5120K, 99% used [0x00000000d7e80000,0x00000000d8378050,0x00000000d8380000)
  to   space 5120K, 0% used [0x00000000d7980000,0x00000000d7980000,0x00000000d7e80000)
 ParOldGen       total 87552K, used 7698K [0x0000000080a00000, 0x0000000085f80000, 0x00000000d5900000)
  object space 87552K, 8% used [0x0000000080a00000,0x0000000081184ac0,0x0000000085f80000)
 Metaspace       used 19836K, capacity 21106K, committed 21248K, reserved 1067008K
  class space    used 2998K, capacity 3223K, committed 3328K, reserved 1048576K
Event: 2.098 GC heap after
Heap after GC invocations=3 (full 1):
 PSYoungGen      total 38400K, used 0K [0x00000000d5900000, 0x00000000d8380000, 0x0000000100000000)
  eden space 33280K, 0% used [0x00000000d5900000,0x00000000d5900000,0x00000000d7980000)
  from space 5120K, 0% used [0x00000000d7e80000,0x00000000d7e80000,0x00000000d8380000)
  to   space 5120K, 0% used [0x00000000d7980000,0x00000000d7980000,0x00000000d7e80000)
 ParOldGen       total 73728K, used 10702K [0x0000000080a00000, 0x0000000085200000, 0x00000000d5900000)
  object space 73728K, 14% used [0x0000000080a00000,0x0000000081473a30,0x0000000085200000)
 Metaspace       used 19836K, capacity 21106K, committed 21248K, reserved 1067008K
  class space    used 2998K, capacity 3223K, committed 3328K, reserved 1048576K
}

Deoptimization events (10 events):
Event: 3.777 Thread 0x000000001ba84800 Uncommon trap: reason=unstable_if action=reinterpret pc=0x00000000052b2944 method=java.lang.Math.round(F)I @ 36
Event: 3.777 Thread 0x000000001ba84800 Uncommon trap: reason=unstable_if action=reinterpret pc=0x00000000053d3d58 method=java.lang.Math.round(F)I @ 36
Event: 3.777 Thread 0x000000001ba84800 Uncommon trap: reason=unstable_if action=reinterpret pc=0x0000000005352b50 method=java.lang.Math.round(F)I @ 36
Event: 3.777 Thread 0x000000001ba84800 Uncommon trap: reason=unstable_if action=reinterpret pc=0x000000000534c4b8 method=java.lang.Math.round(F)I @ 36
Event: 9.799 Thread 0x000000001baa5000 Uncommon trap: reason=unstable_if action=reinterpret pc=0x0000000004eb028c method=java.lang.String.indexOf([CII[CIII)I @ 3
Event: 9.802 Thread 0x000000001baa5000 Uncommon trap: reason=class_check action=maybe_recompile pc=0x0000000004efc078 method=java.util.HashMap.putVal(ILjava/lang/Object;Ljava/lang/Object;ZZ)Ljava/lang/Object; @ 253
Event: 9.802 Thread 0x000000001baa5000 Uncommon trap: reason=class_check action=maybe_recompile pc=0x0000000004efc078 method=java.util.HashMap.putVal(ILjava/lang/Object;Ljava/lang/Object;ZZ)Ljava/lang/Object; @ 253
Event: 9.802 Thread 0x000000001baa5000 Uncommon trap: reason=class_check action=maybe_recompile pc=0x0000000004efc078 method=java.util.HashMap.putVal(ILjava/lang/Object;Ljava/lang/Object;ZZ)Ljava/lang/Object; @ 253
Event: 9.802 Thread 0x000000001baa5000 Uncommon trap: reason=class_check action=maybe_recompile pc=0x0000000004efc078 method=java.util.HashMap.putVal(ILjava/lang/Object;Ljava/lang/Object;ZZ)Ljava/lang/Object; @ 253
Event: 9.805 Thread 0x000000001baa5000 Uncommon trap: reason=unstable_if action=reinterpret pc=0x00000000053b4538 method=java.lang.ThreadLocal$ThreadLocalMap.getEntry(Ljava/lang/ThreadLocal;)Ljava/lang/ThreadLocal$ThreadLocalMap$Entry; @ 21

Classes redefined (0 events):
No events

Internal exceptions (10 events):
Event: 0.694 Thread 0x000000001baa5000 Exception <a 'java/lang/ArrayIndexOutOfBoundsException'> (0x00000000d7249998) thrown at [C:\re\workspace\8-2-build-windows-amd64-cygwin\jdk8u162\10278\hotspot\src\share\vm\runtime\sharedRuntime.cpp, line 605]
Event: 0.700 Thread 0x000000001baa5000 Exception <a 'java/lang/ArrayIndexOutOfBoundsException'> (0x00000000d7279b78) thrown at [C:\re\workspace\8-2-build-windows-amd64-cygwin\jdk8u162\10278\hotspot\src\share\vm\runtime\sharedRuntime.cpp, line 605]
Event: 0.821 Thread 0x000000001baa5000 Exception <a 'java/lang/ArrayIndexOutOfBoundsException'> (0x00000000d7738ff8) thrown at [C:\re\workspace\8-2-build-windows-amd64-cygwin\jdk8u162\10278\hotspot\src\share\vm\runtime\sharedRuntime.cpp, line 605]
Event: 0.821 Thread 0x000000001baa5000 Exception <a 'java/lang/ArrayIndexOutOfBoundsException'> (0x00000000d7739ff8) thrown at [C:\re\workspace\8-2-build-windows-amd64-cygwin\jdk8u162\10278\hotspot\src\share\vm\runtime\sharedRuntime.cpp, line 605]
Event: 0.822 Thread 0x000000001baa5000 Exception <a 'java/lang/ArrayIndexOutOfBoundsException'> (0x00000000d773c760) thrown at [C:\re\workspace\8-2-build-windows-amd64-cygwin\jdk8u162\10278\hotspot\src\share\vm\runtime\sharedRuntime.cpp, line 605]
Event: 0.948 Thread 0x000000001baa5000 Exception <a 'java/lang/ArrayIndexOutOfBoundsException'> (0x00000000d5924838) thrown at [C:\re\workspace\8-2-build-windows-amd64-cygwin\jdk8u162\10278\hotspot\src\share\vm\runtime\sharedRuntime.cpp, line 605]
Event: 1.028 Thread 0x000000001baa5000 Implicit null exception at 0x0000000004e5c7f5 to 0x0000000004e5ca11
Event: 1.028 Thread 0x000000001baa5000 Implicit null exception at 0x0000000004f0049b to 0x0000000004f00c55
Event: 3.391 Thread 0x000000001baa5000 Implicit null exception at 0x00000000053a3cda to 0x00000000053a4685
Event: 9.805 Thread 0x000000001baa5000 Implicit null exception at 0x00000000053b44b0 to 0x00000000053b451d

Events (10 events):
Event: 9.845 loading class sun/nio/fs/WindowsPath$WindowsPathWithAttributes
Event: 9.845 loading class sun/nio/fs/BasicFileAttributesHolder
Event: 9.845 loading class sun/nio/fs/BasicFileAttributesHolder done
Event: 9.845 loading class sun/nio/fs/WindowsPath$WindowsPathWithAttributes done
Event: 9.858 loading class java/io/DeleteOnExitHook
Event: 9.858 loading class java/io/DeleteOnExitHook done
Event: 9.858 loading class java/io/DeleteOnExitHook$1
Event: 9.859 loading class java/io/DeleteOnExitHook$1 done
Event: 9.886 loading class jaci/pathfinder/Trajectory
Event: 9.886 loading class jaci/pathfinder/Trajectory done


Dynamic libraries:
0x00007ff66ecd0000 - 0x00007ff66ed07000 	E:\x64\Java\jdk1.8.0_162\bin\java.exe
0x00007ff8a7980000 - 0x00007ff8a7b60000 	C:\WINDOWS\SYSTEM32\ntdll.dll
0x00007ff8a7250000 - 0x00007ff8a72fe000 	C:\WINDOWS\System32\KERNEL32.DLL
0x00007ff8a4410000 - 0x00007ff8a4676000 	C:\WINDOWS\System32\KERNELBASE.dll
0x00007ff8a6760000 - 0x00007ff8a6801000 	C:\WINDOWS\System32\ADVAPI32.dll
0x00007ff8a62b0000 - 0x00007ff8a634d000 	C:\WINDOWS\System32\msvcrt.dll
0x00007ff8a78f0000 - 0x00007ff8a794b000 	C:\WINDOWS\System32\sechost.dll
0x00007ff8a6050000 - 0x00007ff8a616f000 	C:\WINDOWS\System32\RPCRT4.dll
0x00007ff8a76c0000 - 0x00007ff8a784f000 	C:\WINDOWS\System32\USER32.dll
0x00007ff8a43f0000 - 0x00007ff8a4410000 	C:\WINDOWS\System32\win32u.dll
0x00007ff8a7850000 - 0x00007ff8a7878000 	C:\WINDOWS\System32\GDI32.dll
0x00007ff8a35b0000 - 0x00007ff8a3743000 	C:\WINDOWS\System32\gdi32full.dll
0x00007ff8a4240000 - 0x00007ff8a42db000 	C:\WINDOWS\System32\msvcp_win.dll
0x00007ff8a3820000 - 0x00007ff8a3916000 	C:\WINDOWS\System32\ucrtbase.dll
0x00007ff89cfa0000 - 0x00007ff89d209000 	C:\WINDOWS\WinSxS\amd64_microsoft.windows.common-controls_6595b64144ccf1df_6.0.16299.248_none_15ced204935f55d7\COMCTL32.dll
0x00007ff8a73b0000 - 0x00007ff8a76b8000 	C:\WINDOWS\System32\combase.dll
0x00007ff8a3750000 - 0x00007ff8a37c2000 	C:\WINDOWS\System32\bcryptPrimitives.dll
0x00007ff8a6170000 - 0x00007ff8a619d000 	C:\WINDOWS\System32\IMM32.DLL
0x0000000063cd0000 - 0x0000000063da1000 	E:\x64\Java\jdk1.8.0_162\jre\bin\msvcr100.dll
0x0000000063430000 - 0x0000000063cd0000 	E:\x64\Java\jdk1.8.0_162\jre\bin\server\jvm.dll
0x00007ff8a78e0000 - 0x00007ff8a78e8000 	C:\WINDOWS\System32\PSAPI.DLL
0x00007ff8994b0000 - 0x00007ff8994b9000 	C:\WINDOWS\SYSTEM32\WSOCK32.dll
0x00007ff8a4680000 - 0x00007ff8a46ec000 	C:\WINDOWS\System32\WS2_32.dll
0x00007ff8a0330000 - 0x00007ff8a0353000 	C:\WINDOWS\SYSTEM32\WINMM.dll
0x00007ff89cf90000 - 0x00007ff89cf9a000 	C:\WINDOWS\SYSTEM32\VERSION.dll
0x00007ff8a0300000 - 0x00007ff8a032a000 	C:\WINDOWS\SYSTEM32\WINMMBASE.dll
0x00007ff8a37d0000 - 0x00007ff8a381a000 	C:\WINDOWS\System32\cfgmgr32.dll
0x0000000063420000 - 0x000000006342f000 	E:\x64\Java\jdk1.8.0_162\jre\bin\verify.dll
0x00000000633f0000 - 0x0000000063419000 	E:\x64\Java\jdk1.8.0_162\jre\bin\java.dll
0x0000000062860000 - 0x0000000062883000 	E:\x64\Java\jdk1.8.0_162\jre\bin\instrument.dll
0x00000000633d0000 - 0x00000000633e6000 	E:\x64\Java\jdk1.8.0_162\jre\bin\zip.dll
0x00007ff8a4930000 - 0x00007ff8a5d66000 	C:\WINDOWS\System32\SHELL32.dll
0x00007ff8a6350000 - 0x00007ff8a63f6000 	C:\WINDOWS\System32\shcore.dll
0x00007ff8a3920000 - 0x00007ff8a4067000 	C:\WINDOWS\System32\windows.storage.dll
0x00007ff8a48d0000 - 0x00007ff8a4921000 	C:\WINDOWS\System32\shlwapi.dll
0x00007ff8a3590000 - 0x00007ff8a35a1000 	C:\WINDOWS\System32\kernel.appcore.dll
0x00007ff8a3520000 - 0x00007ff8a356c000 	C:\WINDOWS\System32\powrprof.dll
0x00007ff8a3500000 - 0x00007ff8a351b000 	C:\WINDOWS\System32\profapi.dll
0x00007ff89d340000 - 0x00007ff89d35a000 	E:\x64\Intellij\bin\breakgen64.dll
0x00000000633b0000 - 0x00000000633ca000 	E:\x64\Java\jdk1.8.0_162\jre\bin\net.dll
0x00007ff8a2d90000 - 0x00007ff8a2df6000 	C:\WINDOWS\system32\mswsock.dll
0x00000000048d0000 - 0x00000000048d3000 	E:\x64\Java\jdk1.8.0_162\jre\bin\api-ms-win-core-console-l1-1-0.dll
0x00000000048e0000 - 0x00000000048e3000 	E:\x64\Java\jdk1.8.0_162\jre\bin\api-ms-win-core-datetime-l1-1-0.dll
0x00000000048f0000 - 0x00000000048f3000 	E:\x64\Java\jdk1.8.0_162\jre\bin\api-ms-win-core-debug-l1-1-0.dll
0x0000000004900000 - 0x0000000004903000 	E:\x64\Java\jdk1.8.0_162\jre\bin\api-ms-win-core-errorhandling-l1-1-0.dll
0x0000000004910000 - 0x0000000004914000 	E:\x64\Java\jdk1.8.0_162\jre\bin\api-ms-win-core-file-l1-1-0.dll
0x0000000004920000 - 0x0000000004923000 	E:\x64\Java\jdk1.8.0_162\jre\bin\api-ms-win-core-file-l1-2-0.dll
0x000000001b760000 - 0x000000001b763000 	E:\x64\Java\jdk1.8.0_162\jre\bin\api-ms-win-core-file-l2-1-0.dll
0x000000001b770000 - 0x000000001b773000 	E:\x64\Java\jdk1.8.0_162\jre\bin\api-ms-win-core-handle-l1-1-0.dll
0x000000001b780000 - 0x000000001b783000 	E:\x64\Java\jdk1.8.0_162\jre\bin\api-ms-win-core-heap-l1-1-0.dll
0x000000001b790000 - 0x000000001b793000 	E:\x64\Java\jdk1.8.0_162\jre\bin\api-ms-win-core-interlocked-l1-1-0.dll
0x000000001b7a0000 - 0x000000001b7a3000 	E:\x64\Java\jdk1.8.0_162\jre\bin\api-ms-win-core-libraryloader-l1-1-0.dll
0x000000001b7b0000 - 0x000000001b7b3000 	E:\x64\Java\jdk1.8.0_162\jre\bin\api-ms-win-core-localization-l1-2-0.dll
0x000000001b7c0000 - 0x000000001b7c3000 	E:\x64\Java\jdk1.8.0_162\jre\bin\api-ms-win-core-memory-l1-1-0.dll
0x000000001b7d0000 - 0x000000001b7d3000 	E:\x64\Java\jdk1.8.0_162\jre\bin\api-ms-win-core-namedpipe-l1-1-0.dll
0x000000001b7e0000 - 0x000000001b7e3000 	E:\x64\Java\jdk1.8.0_162\jre\bin\api-ms-win-core-processenvironment-l1-1-0.dll
0x000000001b7f0000 - 0x000000001b7f3000 	E:\x64\Java\jdk1.8.0_162\jre\bin\api-ms-win-core-processthreads-l1-1-0.dll
0x000000001b800000 - 0x000000001b803000 	E:\x64\Java\jdk1.8.0_162\jre\bin\api-ms-win-core-processthreads-l1-1-1.dll
0x000000001b810000 - 0x000000001b813000 	E:\x64\Java\jdk1.8.0_162\jre\bin\api-ms-win-core-profile-l1-1-0.dll
0x000000001b820000 - 0x000000001b823000 	E:\x64\Java\jdk1.8.0_162\jre\bin\api-ms-win-core-rtlsupport-l1-1-0.dll
0x000000001b830000 - 0x000000001b833000 	E:\x64\Java\jdk1.8.0_162\jre\bin\api-ms-win-core-string-l1-1-0.dll
0x000000001b840000 - 0x000000001b843000 	E:\x64\Java\jdk1.8.0_162\jre\bin\api-ms-win-core-synch-l1-1-0.dll
0x000000001b850000 - 0x000000001b853000 	E:\x64\Java\jdk1.8.0_162\jre\bin\api-ms-win-core-synch-l1-2-0.dll
0x000000001b860000 - 0x000000001b863000 	E:\x64\Java\jdk1.8.0_162\jre\bin\api-ms-win-core-sysinfo-l1-1-0.dll
0x000000001b870000 - 0x000000001b873000 	E:\x64\Java\jdk1.8.0_162\jre\bin\api-ms-win-core-timezone-l1-1-0.dll
0x000000001b880000 - 0x000000001b883000 	E:\x64\Java\jdk1.8.0_162\jre\bin\api-ms-win-core-util-l1-1-0.dll
0x000000001b890000 - 0x000000001b893000 	E:\x64\Java\jdk1.8.0_162\jre\bin\api-ms-win-crt-conio-l1-1-0.dll
0x000000001b8a0000 - 0x000000001b8a4000 	E:\x64\Java\jdk1.8.0_162\jre\bin\api-ms-win-crt-convert-l1-1-0.dll
0x000000001b8b0000 - 0x000000001b8b3000 	E:\x64\Java\jdk1.8.0_162\jre\bin\api-ms-win-crt-environment-l1-1-0.dll
0x000000001b8c0000 - 0x000000001b8c3000 	E:\x64\Java\jdk1.8.0_162\jre\bin\api-ms-win-crt-filesystem-l1-1-0.dll
0x000000001b8d0000 - 0x000000001b8d3000 	E:\x64\Java\jdk1.8.0_162\jre\bin\api-ms-win-crt-heap-l1-1-0.dll
0x000000001b8e0000 - 0x000000001b8e3000 	E:\x64\Java\jdk1.8.0_162\jre\bin\api-ms-win-crt-locale-l1-1-0.dll
0x000000001b8f0000 - 0x000000001b8f5000 	E:\x64\Java\jdk1.8.0_162\jre\bin\api-ms-win-crt-math-l1-1-0.dll
0x000000001b900000 - 0x000000001b905000 	E:\x64\Java\jdk1.8.0_162\jre\bin\api-ms-win-crt-multibyte-l1-1-0.dll
0x000000001b910000 - 0x000000001b920000 	E:\x64\Java\jdk1.8.0_162\jre\bin\api-ms-win-crt-private-l1-1-0.dll
0x000000001b920000 - 0x000000001b923000 	E:\x64\Java\jdk1.8.0_162\jre\bin\api-ms-win-crt-process-l1-1-0.dll
0x000000001b930000 - 0x000000001b934000 	E:\x64\Java\jdk1.8.0_162\jre\bin\api-ms-win-crt-runtime-l1-1-0.dll
0x000000001b940000 - 0x000000001b944000 	E:\x64\Java\jdk1.8.0_162\jre\bin\api-ms-win-crt-stdio-l1-1-0.dll
0x000000001b950000 - 0x000000001b954000 	E:\x64\Java\jdk1.8.0_162\jre\bin\api-ms-win-crt-string-l1-1-0.dll
0x000000001b960000 - 0x000000001b963000 	E:\x64\Java\jdk1.8.0_162\jre\bin\api-ms-win-crt-time-l1-1-0.dll
0x000000001b970000 - 0x000000001b973000 	E:\x64\Java\jdk1.8.0_162\jre\bin\api-ms-win-crt-utility-l1-1-0.dll
0x00007ff87f770000 - 0x00007ff87f866000 	E:\x64\Java\jdk1.8.0_162\jre\bin\ucrtbase.dll
0x00007ff888040000 - 0x00007ff888091000 	E:\x64\Java\jdk1.8.0_162\jre\bin\concrt140.dll
0x00007ff89d320000 - 0x00007ff89d336000 	C:\WINDOWS\SYSTEM32\VCRUNTIME140.dll
0x00007ff87f6c0000 - 0x00007ff87f76a000 	C:\WINDOWS\SYSTEM32\MSVCP140.dll
0x00007ff89d300000 - 0x00007ff89d316000 	E:\x64\Java\jdk1.8.0_162\jre\bin\vcruntime140.dll
0x00007ff87f620000 - 0x00007ff87f6bc000 	E:\x64\Java\jdk1.8.0_162\jre\bin\msvcp140.dll
0x0000000062830000 - 0x0000000062853000 	E:\x64\Java\jdk1.8.0_162\jre\bin\prism_d3d.dll
0x00007ff875db0000 - 0x00007ff875f45000 	C:\WINDOWS\system32\d3d9.dll
0x00007ff8a1db0000 - 0x00007ff8a1dda000 	C:\WINDOWS\SYSTEM32\dwmapi.dll
0x00007ff8a1cc0000 - 0x00007ff8a1d55000 	C:\WINDOWS\system32\uxtheme.dll
0x00007ff862c20000 - 0x00007ff863cd6000 	C:\WINDOWS\SYSTEM32\nvd3dumx.dll
0x00000000627e0000 - 0x0000000062829000 	E:\x64\Java\jdk1.8.0_162\jre\bin\glass.dll
0x00007ff8a61a0000 - 0x00007ff8a62aa000 	C:\WINDOWS\System32\COMDLG32.dll
0x00007ff8a7100000 - 0x00007ff8a7249000 	C:\WINDOWS\System32\ole32.dll
0x00007ff8a5f00000 - 0x00007ff8a5fc5000 	C:\WINDOWS\System32\OLEAUT32.dll
0x00007ff8a5d90000 - 0x00007ff8a5ef7000 	C:\WINDOWS\System32\MSCTF.dll
0x00007ff87c870000 - 0x00007ff87cb61000 	E:\x86\LastPass\lastapphook_x64.dll
0x00007ff8a06a0000 - 0x00007ff8a06a7000 	C:\WINDOWS\SYSTEM32\MSIMG32.dll
0x00007ff89d880000 - 0x00007ff89d906000 	C:\WINDOWS\SYSTEM32\WINSPOOL.DRV
0x00007ff8a0630000 - 0x00007ff8a069e000 	C:\WINDOWS\SYSTEM32\OLEACC.dll
0x00007ff89c3d0000 - 0x00007ff89c56c000 	C:\WINDOWS\WinSxS\amd64_microsoft.windows.gdiplus_6595b64144ccf1df_1.1.16299.248_none_46b9c4e9edf1cfa5\gdiplus.dll
0x00007ff8a2b20000 - 0x00007ff8a2b59000 	C:\WINDOWS\SYSTEM32\IPHLPAPI.DLL
0x00007ff8a3060000 - 0x00007ff8a3085000 	C:\WINDOWS\SYSTEM32\bcrypt.dll
0x00007ff8a3400000 - 0x00007ff8a3430000 	C:\WINDOWS\SYSTEM32\SspiCli.dll
0x00000000627c0000 - 0x00000000627d4000 	E:\x64\Java\jdk1.8.0_162\jre\bin\javafx_font.dll
0x00007ff8914e0000 - 0x00007ff8917ef000 	C:\WINDOWS\SYSTEM32\dwrite.dll
0x00007ff8a7300000 - 0x00007ff8a739e000 	C:\WINDOWS\System32\clbcatq.dll
0x00007ff89ed30000 - 0x00007ff89eedb000 	C:\WINDOWS\SYSTEM32\WindowsCodecs.dll
0x00007ff8970f0000 - 0x00007ff89713f000 	C:\WINDOWS\system32\dataexchange.dll
0x00007ff8a0b00000 - 0x00007ff8a0de2000 	C:\WINDOWS\system32\d3d11.dll
0x00007ff8a1490000 - 0x00007ff8a15d2000 	C:\WINDOWS\system32\dcomp.dll
0x00007ff8a2370000 - 0x00007ff8a241f000 	C:\WINDOWS\system32\dxgi.dll
0x00007ff8a1ec0000 - 0x00007ff8a203b000 	C:\WINDOWS\system32\twinapi.appcore.dll
0x00007ff8a1ea0000 - 0x00007ff8a1ec0000 	C:\WINDOWS\system32\RMCLIENT.dll
0x00007ff885c70000 - 0x00007ff885ca4000 	C:\Program Files\Common Files\Microsoft Shared\Ink\rtscom.dll
0x00007ff89a630000 - 0x00007ff89a6c8000 	C:\WINDOWS\System32\TextInputFramework.dll
0x00007ff8a13b0000 - 0x00007ff8a148c000 	C:\WINDOWS\System32\CoreMessaging.dll
0x00007ff89e5f0000 - 0x00007ff89e8de000 	C:\WINDOWS\System32\CoreUIComponents.dll
0x00007ff8a2640000 - 0x00007ff8a2671000 	C:\WINDOWS\SYSTEM32\ntmarta.dll
0x00007ff89ea20000 - 0x00007ff89eb56000 	C:\WINDOWS\SYSTEM32\wintypes.dll
0x00000000627a0000 - 0x00000000627b2000 	E:\x64\Java\jdk1.8.0_162\jre\bin\prism_common.dll
0x00007ff8a0df0000 - 0x00007ff8a13a8000 	C:\WINDOWS\SYSTEM32\d2d1.dll
0x00007ff8a4070000 - 0x00007ff8a423e000 	C:\WINDOWS\System32\CRYPT32.dll
0x00007ff8a3570000 - 0x00007ff8a3582000 	C:\WINDOWS\System32\MSASN1.dll
0x00007ff86e480000 - 0x00007ff86ebec000 	C:\WINDOWS\SYSTEM32\D3D10Warp.dll
0x00007ff8a3430000 - 0x00007ff8a3459000 	C:\WINDOWS\SYSTEM32\USERENV.dll
0x00007ff88f8f0000 - 0x00007ff88f909000 	C:\WINDOWS\SYSTEM32\CLDAPI.dll

VM Arguments:
jvm_args: -Djava.library.path=D:\Documents\Programming\Java\IntelliJ Projects\motion-profile-generator\lib -javaagent:E:\x64\Intellij\lib\idea_rt.jar=53102:E:\x64\Intellij\bin -Dfile.encoding=UTF-8 
java_command: com.jtulayan.ui.javafx.Client
java_class_path (initial): E:\x64\Java\jdk1.8.0_162\jre\lib\charsets.jar;E:\x64\Java\jdk1.8.0_162\jre\lib\deploy.jar;E:\x64\Java\jdk1.8.0_162\jre\lib\ext\access-bridge-64.jar;E:\x64\Java\jdk1.8.0_162\jre\lib\ext\cldrdata.jar;E:\x64\Java\jdk1.8.0_162\jre\lib\ext\dnsns.jar;E:\x64\Java\jdk1.8.0_162\jre\lib\ext\jaccess.jar;E:\x64\Java\jdk1.8.0_162\jre\lib\ext\jfxrt.jar;E:\x64\Java\jdk1.8.0_162\jre\lib\ext\localedata.jar;E:\x64\Java\jdk1.8.0_162\jre\lib\ext\nashorn.jar;E:\x64\Java\jdk1.8.0_162\jre\lib\ext\sunec.jar;E:\x64\Java\jdk1.8.0_162\jre\lib\ext\sunjce_provider.jar;E:\x64\Java\jdk1.8.0_162\jre\lib\ext\sunmscapi.jar;E:\x64\Java\jdk1.8.0_162\jre\lib\ext\sunpkcs11.jar;E:\x64\Java\jdk1.8.0_162\jre\lib\ext\zipfs.jar;E:\x64\Java\jdk1.8.0_162\jre\lib\javaws.jar;E:\x64\Java\jdk1.8.0_162\jre\lib\jce.jar;E:\x64\Java\jdk1.8.0_162\jre\lib\jfr.jar;E:\x64\Java\jdk1.8.0_162\jre\lib\jfxswt.jar;E:\x64\Java\jdk1.8.0_162\jre\lib\jsse.jar;E:\x64\Java\jdk1.8.0_162\jre\lib\management-agent.jar;E:\x64\Java\jdk1.8.0_162\jre\lib\plugin.jar;E:\x64\Java\jdk1.8.0_162\jre\lib\resources.jar;E:\x64\Java\jdk1.8.0_162\jre\lib\rt.jar;D:\Documents\Programming\Java\IntelliJ Projects\motion-profile-generator\out\production\motion-profile-generator;D:\Documents\Programming\Java\IntelliJ Projects\motion-profile-generator\lib\pathfinder.jar;E:\x64\Intellij\lib\idea_rt.jar
Launcher Type: SUN_STANDARD

Environment Variables:
JAVA_HOME=E:\x64\Java\jdk1.8.0_162
PATH=C:\Program Files (x86)\NVIDIA Corporation\PhysX\Common;C:\ProgramData\Oracle\Java\javapath;E:\x64\Python\Scripts\;E:\x64\Python\;E:\x64\Ruby\bin;C:\WINDOWS\system32;C:\WINDOWS;C:\WINDOWS\System32\Wbem;C:\WINDOWS\System32\WindowsPowerShell\v1.0\;E:\x64\Java\jre1.8.0_162;E:\x86\Brackets\command;E:\x64\PuTTY\;C:\Program Files (x86)\GtkSharp\2.12\bin;E:\x86\gradle-4.3\bin;E:\x64\Git\cmd;E:\x64\Java\jdk1.8.0_162\bin;C:\frc\bin;C:\Program Files\dotnet\;C:\Users\Jared Tulayan\AppData\Local\Microsoft\WindowsApps;;E:\x64\Microsoft VS Code\bin
USERNAME=Jared Tulayan
OS=Windows_NT
PROCESSOR_IDENTIFIER=AMD64 Family 23 Model 1 Stepping 1, AuthenticAMD



---------------  S Y S T E M  ---------------

OS: Windows 10.0 , 64 bit Build 16299 (10.0.16299.15)

CPU:total 4 (initial active 4) (4 cores per cpu, 1 threads per core) family 23 model 1 stepping 1, cmov, cx8, fxsr, mmx, sse, sse2, sse3, ssse3, sse4.1, sse4.2, popcnt, avx, avx2, aes, clmul, mmxext, 3dnowpref, lzcnt, sse4a, tsc, tscinvbit, tscinv, bmi1

Memory: 4k page, physical 8340476k(3609000k free), swap 16729084k(8422452k free)

vm_info: Java HotSpot(TM) 64-Bit Server VM (25.162-b12) for windows-amd64 JRE (1.8.0_162-b12), built on Dec 19 2017 20:00:03 by "java_re" with MS VC++ 10.0 (VS2010)

time: Sat Feb 24 01:08:15 2018
elapsed time: 9 seconds (0d 0h 0m 9s)

