#
# A fatal error has been detected by the Java Runtime Environment:
#
#  EXCEPTION_ACCESS_VIOLATION (0xc0000005) at pc=0x00000000575def15, pid=30072, tid=0x0000000000006424
#
# JRE version: Java(TM) SE Runtime Environment (8.0_162-b12) (build 1.8.0_162-b12)
# Java VM: Java HotSpot(TM) 64-Bit Server VM (25.162-b12 mixed mode windows-amd64 compressed oops)
# Problematic frame:
# V  [jvm.dll+0x13ef15]
#
# Failed to write core dump. Minidumps are not enabled by default on client versions of Windows
#
# If you would like to submit a bug report, please visit:
#   http://bugreport.java.com/bugreport/crash.jsp
#

---------------  T H R E A D  ---------------

Current thread (0x000000001b6b9800):  JavaThread "JavaFX Application Thread" [_thread_in_vm, id=25636, stack(0x000000001c2c0000,0x000000001c3c0000)]

siginfo: ExceptionCode=0xc0000005, reading address 0x0000000000000000

Registers:
RAX=0x0000000000000000, RBX=0x000000001b6b9800, RCX=0x0000000000000980, RDX=0x0000000000000000
RSP=0x000000001c3bb770, RBP=0x000000001c3bbac0, RSI=0x000000001b6b99f8, RDI=0x0000000000000000
R8 =0x00007fff817f2044, R9 =0x00000000d5b89500, R10=0x00000000028936c0, R11=0x000000001c3bb7b0
R12=0x0000000000000000, R13=0x000000001934f410, R14=0x000000001c3bbb30, R15=0x000000001b6b9800
RIP=0x00000000575def15, EFLAGS=0x0000000000010202

Top of Stack: (sp=0x000000001c3bb770)
0x000000001c3bb770:   000000001b6b9800 00000000575fef71
0x000000001c3bb780:   000000001934f410 000000001b6b9800
0x000000001c3bb790:   000000001b6b9800 0000000000000000
0x000000001c3bb7a0:   0000000057a84700 0000000000000000
0x000000001c3bb7b0:   0000000000000000 00007fff817d2e9b
0x000000001c3bb7c0:   000000001934f410 000000001c3bbac0
0x000000001c3bb7d0:   000000001934e6d0 00007fff817d68e7
0x000000001c3bb7e0:   0000abae68a23693 0000000000000018
0x000000001c3bb7f0:   0000000000000000 000000001934e6d0
0x000000001c3bb800:   000000001c3bbac0 00007fff817d10d6
0x000000001c3bb810:   000000001b6b99f8 0000000000000000
0x000000001c3bb820:   00007fff817f2044 000000001934f410
0x000000001c3bb830:   0000000004a212a0 000000001a010000
0x000000001c3bb840:   000000001c3bb7a0 0000000000000000
0x000000001c3bb850:   0000000000000000 0000000000000000
0x000000001c3bb860:   0000000000000000 0000000000000000 

Instructions: (pc=0x00000000575def15)
0x00000000575deef5:   89 5c 24 20 48 c7 44 24 28 00 00 00 00 74 0a 48
0x00000000575def05:   8d 4c 24 20 e8 22 d2 13 00 80 3d cc 25 6d 00 00
0x00000000575def15:   48 8b 17 74 15 8b 52 08 8b 0d 85 58 66 00 48 d3
0x00000000575def25:   e2 48 03 15 73 58 66 00 eb 04 48 8b 52 08 48 8b 


Register to memory mapping:

RAX=0x0000000000000000 is an unknown value
RBX=0x000000001b6b9800 is a thread
RCX=0x0000000000000980 is an unknown value
RDX=0x0000000000000000 is an unknown value
RSP=0x000000001c3bb770 is pointing into the stack for thread: 0x000000001b6b9800
RBP=0x000000001c3bbac0 is pointing into the stack for thread: 0x000000001b6b9800
RSI=0x000000001b6b99f8 is an unknown value
RDI=0x0000000000000000 is an unknown value
R8 =0x00007fff817f2044 is an unknown value
R9 =0x00000000d5b89500 is an oop
[Ljaci.pathfinder.Waypoint; 
 - klass: 'jaci/pathfinder/Waypoint'[]
 - length: 1
R10=0x00000000028936c0 is an unknown value
R11=0x000000001c3bb7b0 is pointing into the stack for thread: 0x000000001b6b9800
R12=0x0000000000000000 is an unknown value
R13={method} {0x000000001934f418} 'generateTrajectory' '([Ljaci/pathfinder/Waypoint;Ljaci/pathfinder/Trajectory$FitMethod;IDDDD)[Ljaci/pathfinder/Trajectory$Segment;' in 'jaci/pathfinder/PathfinderJNI'
R14=0x000000001c3bbb30 is pointing into the stack for thread: 0x000000001b6b9800
R15=0x000000001b6b9800 is a thread


Stack: [0x000000001c2c0000,0x000000001c3c0000],  sp=0x000000001c3bb770,  free space=1005k
Native frames: (J=compiled Java code, j=interpreted, Vv=VM code, C=native code)
V  [jvm.dll+0x13ef15]
C  0x00007fff817d2e9b
C  0x00007fff817d10d6
C  0x00000000049d8627

Java frames: (J=compiled Java code, j=interpreted, Vv=VM code)
j  jaci.pathfinder.PathfinderJNI.generateTrajectory([Ljaci/pathfinder/Waypoint;Ljaci/pathfinder/Trajectory$FitMethod;IDDDD)[Ljaci/pathfinder/Trajectory$Segment;+0
j  jaci.pathfinder.PathfinderJNI.generateTrajectory([Ljaci/pathfinder/Waypoint;Ljaci/pathfinder/Trajectory$Config;)Ljaci/pathfinder/Trajectory;+29
j  jaci.pathfinder.Pathfinder.generate([Ljaci/pathfinder/Waypoint;Ljaci/pathfinder/Trajectory$Config;)Ljaci/pathfinder/Trajectory;+2
j  com.jtulayan.main.ProfileGenerator.updateTrajectories()V+48
j  com.jtulayan.main.ProfileGenerator.exportTrajectories(Ljava/io/File;)Z+3
j  com.jtulayan.ui.javafx.MPGenController.showExportAsCSVDialog()V+82
v  ~StubRoutines::call_stub
J 824  sun.reflect.NativeMethodAccessorImpl.invoke0(Ljava/lang/reflect/Method;Ljava/lang/Object;[Ljava/lang/Object;)Ljava/lang/Object; (0 bytes) @ 0x0000000004cc793f [0x0000000004cc78c0+0x7f]
J 823 C1 sun.reflect.NativeMethodAccessorImpl.invoke(Ljava/lang/Object;[Ljava/lang/Object;)Ljava/lang/Object; (104 bytes) @ 0x0000000004ccef64 [0x0000000004ccddc0+0x11a4]
J 768 C1 sun.reflect.DelegatingMethodAccessorImpl.invoke(Ljava/lang/Object;[Ljava/lang/Object;)Ljava/lang/Object; (10 bytes) @ 0x0000000004cab744 [0x0000000004cab640+0x104]
J 767 C1 java.lang.reflect.Method.invoke(Ljava/lang/Object;[Ljava/lang/Object;)Ljava/lang/Object; (62 bytes) @ 0x0000000004caac6c [0x0000000004caa880+0x3ec]
J 836 C1 sun.reflect.GeneratedMethodAccessor1.invoke(Ljava/lang/Object;[Ljava/lang/Object;)Ljava/lang/Object; (65 bytes) @ 0x0000000004ce133c [0x0000000004ce0f80+0x3bc]
J 768 C1 sun.reflect.DelegatingMethodAccessorImpl.invoke(Ljava/lang/Object;[Ljava/lang/Object;)Ljava/lang/Object; (10 bytes) @ 0x0000000004cab744 [0x0000000004cab640+0x104]
J 767 C1 java.lang.reflect.Method.invoke(Ljava/lang/Object;[Ljava/lang/Object;)Ljava/lang/Object; (62 bytes) @ 0x0000000004caac6c [0x0000000004caa880+0x3ec]
J 830 C1 sun.reflect.misc.MethodUtil.invoke(Ljava/lang/reflect/Method;Ljava/lang/Object;[Ljava/lang/Object;)Ljava/lang/Object; (111 bytes) @ 0x0000000004cd16fc [0x0000000004cd1240+0x4bc]
j  javafx.fxml.FXMLLoader$MethodHandler.invoke([Ljava/lang/Object;)V+38
j  javafx.fxml.FXMLLoader$ControllerMethodEventHandler.handle(Ljavafx/event/Event;)V+12
j  com.sun.javafx.event.CompositeEventHandler.dispatchBubblingEvent(Ljavafx/event/Event;)V+51
J 2551 C1 com.sun.javafx.event.EventHandlerManager.dispatchBubblingEvent(Ljavafx/event/Event;)Ljavafx/event/Event; (23 bytes) @ 0x00000000051d538c [0x00000000051d4ce0+0x6ac]
J 2326 C1 com.sun.javafx.event.BasicEventDispatcher.dispatchEvent(Ljavafx/event/Event;Ljavafx/event/EventDispatchChain;)Ljavafx/event/Event; (44 bytes) @ 0x0000000005128afc [0x00000000051287c0+0x33c]
J 2307 C1 com.sun.javafx.event.EventDispatchChainImpl.dispatchEvent(Ljavafx/event/Event;)Ljavafx/event/Event; (101 bytes) @ 0x000000000511c574 [0x000000000511c3c0+0x1b4]
j  com.sun.javafx.event.EventUtil.fireEventImpl(Ljavafx/event/EventDispatchChain;Ljavafx/event/EventTarget;Ljavafx/event/Event;)Ljavafx/event/Event;+10
j  com.sun.javafx.event.EventUtil.fireEvent(Ljavafx/event/EventTarget;Ljavafx/event/Event;)Ljavafx/event/Event;+37
J 2640 C1 javafx.event.Event.fireEvent(Ljavafx/event/EventTarget;Ljavafx/event/Event;)V (35 bytes) @ 0x00000000052130ec [0x0000000005213020+0xcc]
j  javafx.scene.control.MenuItem.fire()V+10
j  com.sun.javafx.scene.control.skin.ContextMenuContent$MenuItemContainer.doSelect()V+97
j  com.sun.javafx.scene.control.skin.ContextMenuContent$MenuItemContainer.lambda$createChildren$343(Ljavafx/scene/input/MouseEvent;)V+1
j  com.sun.javafx.scene.control.skin.ContextMenuContent$MenuItemContainer$$Lambda$296.handle(Ljavafx/event/Event;)V+8
j  com.sun.javafx.event.CompositeEventHandler$NormalEventHandlerRecord.handleBubblingEvent(Ljavafx/event/Event;)V+5
j  com.sun.javafx.event.CompositeEventHandler.dispatchBubblingEvent(Ljavafx/event/Event;)V+28
J 2551 C1 com.sun.javafx.event.EventHandlerManager.dispatchBubblingEvent(Ljavafx/event/Event;)Ljavafx/event/Event; (23 bytes) @ 0x00000000051d538c [0x00000000051d4ce0+0x6ac]
J 2552 C1 com.sun.javafx.event.CompositeEventDispatcher.dispatchBubblingEvent(Ljavafx/event/Event;)Ljavafx/event/Event; (35 bytes) @ 0x00000000051d5d5c [0x00000000051d5ba0+0x1bc]
J 2326 C1 com.sun.javafx.event.BasicEventDispatcher.dispatchEvent(Ljavafx/event/Event;Ljavafx/event/EventDispatchChain;)Ljavafx/event/Event; (44 bytes) @ 0x0000000005128afc [0x00000000051287c0+0x33c]
J 2307 C1 com.sun.javafx.event.EventDispatchChainImpl.dispatchEvent(Ljavafx/event/Event;)Ljavafx/event/Event; (101 bytes) @ 0x000000000511c574 [0x000000000511c3c0+0x1b4]
J 2326 C1 com.sun.javafx.event.BasicEventDispatcher.dispatchEvent(Ljavafx/event/Event;Ljavafx/event/EventDispatchChain;)Ljavafx/event/Event; (44 bytes) @ 0x0000000005128a14 [0x00000000051287c0+0x254]
J 2307 C1 com.sun.javafx.event.EventDispatchChainImpl.dispatchEvent(Ljavafx/event/Event;)Ljavafx/event/Event; (101 bytes) @ 0x000000000511c574 [0x000000000511c3c0+0x1b4]
J 2326 C1 com.sun.javafx.event.BasicEventDispatcher.dispatchEvent(Ljavafx/event/Event;Ljavafx/event/EventDispatchChain;)Ljavafx/event/Event; (44 bytes) @ 0x0000000005128a14 [0x00000000051287c0+0x254]
J 2307 C1 com.sun.javafx.event.EventDispatchChainImpl.dispatchEvent(Ljavafx/event/Event;)Ljavafx/event/Event; (101 bytes) @ 0x000000000511c574 [0x000000000511c3c0+0x1b4]
J 2326 C1 com.sun.javafx.event.BasicEventDispatcher.dispatchEvent(Ljavafx/event/Event;Ljavafx/event/EventDispatchChain;)Ljavafx/event/Event; (44 bytes) @ 0x0000000005128a14 [0x00000000051287c0+0x254]
J 2307 C1 com.sun.javafx.event.EventDispatchChainImpl.dispatchEvent(Ljavafx/event/Event;)Ljavafx/event/Event; (101 bytes) @ 0x000000000511c574 [0x000000000511c3c0+0x1b4]
j  com.sun.javafx.event.EventUtil.fireEventImpl(Ljavafx/event/EventDispatchChain;Ljavafx/event/EventTarget;Ljavafx/event/Event;)Ljavafx/event/Event;+10
j  com.sun.javafx.event.EventUtil.fireEvent(Ljavafx/event/EventTarget;Ljavafx/event/Event;)Ljavafx/event/Event;+46
J 2740 C1 javafx.scene.Scene$MouseHandler.process(Ljavafx/scene/input/MouseEvent;Z)V (735 bytes) @ 0x000000000525a714 [0x0000000005257c60+0x2ab4]
J 2739 C1 javafx.scene.Scene$MouseHandler.access$1500(Ljavafx/scene/Scene$MouseHandler;Ljavafx/scene/input/MouseEvent;Z)V (7 bytes) @ 0x000000000525561c [0x00000000052555c0+0x5c]
j  javafx.scene.Scene.impl_processMouseEvent(Ljavafx/scene/input/MouseEvent;)V+6
j  javafx.scene.Scene$ScenePeerListener.mouseEvent(Ljavafx/event/EventType;DDDDLjavafx/scene/input/MouseButton;ZZZZZZZZZ)V+46
j  com.sun.javafx.tk.quantum.GlassViewEventHandler$MouseEventNotification.run()Ljava/lang/Void;+571
j  com.sun.javafx.tk.quantum.GlassViewEventHandler$MouseEventNotification.run()Ljava/lang/Object;+1
v  ~StubRoutines::call_stub
J 2557  java.security.AccessController.doPrivileged(Ljava/security/PrivilegedAction;Ljava/security/AccessControlContext;)Ljava/lang/Object; (0 bytes) @ 0x00000000051d7066 [0x00000000051d7000+0x66]
j  com.sun.javafx.tk.quantum.GlassViewEventHandler.lambda$handleMouseEvent$353()Ljava/lang/Void;+11
j  com.sun.javafx.tk.quantum.GlassViewEventHandler$$Lambda$319.get()Ljava/lang/Object;+4
J 2715 C1 com.sun.javafx.tk.quantum.QuantumToolkit.runWithoutRenderLock(Ljava/util/function/Supplier;)Ljava/lang/Object; (49 bytes) @ 0x0000000005245f9c [0x0000000005245a60+0x53c]
j  com.sun.javafx.tk.quantum.GlassViewEventHandler.handleMouseEvent(Lcom/sun/glass/ui/View;JIIIIIIIZZ)V+103
j  com.sun.glass.ui.View.handleMouseEvent(JIIIIIIIZZ)V+30
j  com.sun.glass.ui.View.notifyMouse(IIIIIIIZZ)V+181
v  ~StubRoutines::call_stub
j  com.sun.glass.ui.win.WinApplication._runLoop(Ljava/lang/Runnable;)V+0
j  com.sun.glass.ui.win.WinApplication.lambda$null$147(ILjava/lang/Runnable;)V+8
j  com.sun.glass.ui.win.WinApplication$$Lambda$37.run()V+12
j  java.lang.Thread.run()V+11
v  ~StubRoutines::call_stub

---------------  P R O C E S S  ---------------

Java Threads: ( => current thread )
  0x000000001ef2e800 JavaThread "Prism Font Disposer" daemon [_thread_blocked, id=31324, stack(0x00000000208e0000,0x00000000209e0000)]
  0x000000001b6ee800 JavaThread "Thread-3" daemon [_thread_in_native, id=30228, stack(0x000000001e750000,0x000000001e850000)]
  0x000000001b6e9800 JavaThread "JavaFX-Launcher" [_thread_blocked, id=25096, stack(0x000000001e850000,0x000000001e950000)]
=>0x000000001b6b9800 JavaThread "JavaFX Application Thread" [_thread_in_vm, id=25636, stack(0x000000001c2c0000,0x000000001c3c0000)]
  0x000000001b653000 JavaThread "Thread-1" daemon [_thread_blocked, id=31044, stack(0x000000001c1c0000,0x000000001c2c0000)]
  0x000000001b649000 JavaThread "QuantumRenderer-0" daemon [_thread_blocked, id=27340, stack(0x000000001be40000,0x000000001bf40000)]
  0x00000000195dd800 JavaThread "Service Thread" daemon [_thread_blocked, id=29640, stack(0x000000001b3c0000,0x000000001b4c0000)]
  0x000000001ac50800 JavaThread "C1 CompilerThread2" daemon [_thread_blocked, id=20516, stack(0x000000001b2c0000,0x000000001b3c0000)]
  0x000000001ac4f800 JavaThread "C2 CompilerThread1" daemon [_thread_blocked, id=21704, stack(0x000000001b1c0000,0x000000001b2c0000)]
  0x000000001ac4c800 JavaThread "C2 CompilerThread0" daemon [_thread_blocked, id=30932, stack(0x000000001b0c0000,0x000000001b1c0000)]
  0x000000001abf4000 JavaThread "Monitor Ctrl-Break" daemon [_thread_in_native, id=27408, stack(0x000000001afc0000,0x000000001b0c0000)]
  0x000000001957c800 JavaThread "Attach Listener" daemon [_thread_blocked, id=26132, stack(0x000000001aac0000,0x000000001abc0000)]
  0x000000001957b000 JavaThread "Signal Dispatcher" daemon [_thread_blocked, id=24964, stack(0x000000001a9c0000,0x000000001aac0000)]
  0x00000000049bd800 JavaThread "Finalizer" daemon [_thread_blocked, id=23928, stack(0x000000001a7d0000,0x000000001a8d0000)]
  0x00000000049b2000 JavaThread "Reference Handler" daemon [_thread_blocked, id=29776, stack(0x000000001a6d0000,0x000000001a7d0000)]
  0x00000000048c2800 JavaThread "main" [_thread_blocked, id=28552, stack(0x00000000046c0000,0x00000000047c0000)]

Other Threads:
  0x0000000019547800 VMThread [stack: 0x000000001a5d0000,0x000000001a6d0000] [id=30604]
  0x000000001acff000 WatcherThread [stack: 0x000000001b4c0000,0x000000001b5c0000] [id=31468]

VM state:not at safepoint (normal execution)

VM Mutex/Monitor currently owned by a thread: None

Heap:
 PSYoungGen      total 38400K, used 4636K [0x00000000d5900000, 0x00000000d8380000, 0x0000000100000000)
  eden space 33280K, 13% used [0x00000000d5900000,0x00000000d5d873b0,0x00000000d7980000)
  from space 5120K, 0% used [0x00000000d7e80000,0x00000000d7e80000,0x00000000d8380000)
  to   space 5120K, 0% used [0x00000000d7980000,0x00000000d7980000,0x00000000d7e80000)
 ParOldGen       total 73728K, used 10899K [0x0000000080a00000, 0x0000000085200000, 0x00000000d5900000)
  object space 73728K, 14% used [0x0000000080a00000,0x00000000814a4da0,0x0000000085200000)
 Metaspace       used 20742K, capacity 22052K, committed 22144K, reserved 1069056K
  class space    used 3094K, capacity 3365K, committed 3456K, reserved 1048576K

Card table byte_map: [0x0000000013d80000,0x0000000014180000] byte_map_base: 0x000000001397b000

Marking Bits: (ParMarkBitMap*) 0x0000000057cc0860
 Begin Bits: [0x0000000014830000, 0x0000000016808000)
 End Bits:   [0x0000000016808000, 0x00000000187e0000)

Polling page: 0x0000000002940000

CodeCache: size=245760Kb used=9093Kb max_used=9093Kb free=236666Kb
 bounds [0x00000000049c0000, 0x00000000052b0000, 0x00000000139c0000]
 total_blobs=3530 nmethods=2858 adapters=585
 compilation: enabled

Compilation events (10 events):
Event: 8.602 Thread 0x000000001ac50800 nmethod 2839 0x00000000052a3b50 code [0x00000000052a3ce0, 0x00000000052a41a8]
Event: 8.602 Thread 0x000000001ac50800 2844       3       sun.nio.fs.WindowsPath::getFileName (87 bytes)
Event: 8.603 Thread 0x000000001ac50800 nmethod 2844 0x00000000052a4350 code [0x00000000052a4520, 0x00000000052a5018]
Event: 8.603 Thread 0x000000001ac50800 2835       3       java.security.MessageDigest$Delegate::engineUpdate (11 bytes)
Event: 8.603 Thread 0x000000001ac50800 nmethod 2835 0x00000000052a5410 code [0x00000000052a5580, 0x00000000052a57a8]
Event: 8.603 Thread 0x000000001ac50800 2834       3       java.security.MessageDigest::update (14 bytes)
Event: 8.603 Thread 0x000000001ac50800 nmethod 2834 0x00000000052a5890 code [0x00000000052a5a00, 0x00000000052a5c48]
Event: 8.603 Thread 0x000000001ac50800 2858       3       java.util.zip.ZStreamRef::address (5 bytes)
Event: 8.603 Thread 0x000000001ac50800 nmethod 2858 0x000000000529ac90 code [0x000000000529ade0, 0x000000000529af30]
Event: 8.628 Thread 0x000000001ac50800 2859       3       java.lang.String::indexOf (166 bytes)

GC Heap History (6 events):
Event: 1.050 GC heap before
{Heap before GC invocations=1 (full 0):
 PSYoungGen      total 38400K, used 33280K [0x00000000d5900000, 0x00000000d8380000, 0x0000000100000000)
  eden space 33280K, 100% used [0x00000000d5900000,0x00000000d7980000,0x00000000d7980000)
  from space 5120K, 0% used [0x00000000d7e80000,0x00000000d7e80000,0x00000000d8380000)
  to   space 5120K, 0% used [0x00000000d7980000,0x00000000d7980000,0x00000000d7e80000)
 ParOldGen       total 87552K, used 0K [0x0000000080a00000, 0x0000000085f80000, 0x00000000d5900000)
  object space 87552K, 0% used [0x0000000080a00000,0x0000000080a00000,0x0000000085f80000)
 Metaspace       used 13174K, capacity 13730K, committed 13824K, reserved 1060864K
  class space    used 1844K, capacity 1969K, committed 2048K, reserved 1048576K
Event: 1.059 GC heap after
Heap after GC invocations=1 (full 0):
 PSYoungGen      total 38400K, used 4192K [0x00000000d5900000, 0x00000000d8380000, 0x0000000100000000)
  eden space 33280K, 0% used [0x00000000d5900000,0x00000000d5900000,0x00000000d7980000)
  from space 5120K, 81% used [0x00000000d7980000,0x00000000d7d98030,0x00000000d7e80000)
  to   space 5120K, 0% used [0x00000000d7e80000,0x00000000d7e80000,0x00000000d8380000)
 ParOldGen       total 87552K, used 8K [0x0000000080a00000, 0x0000000085f80000, 0x00000000d5900000)
  object space 87552K, 0% used [0x0000000080a00000,0x0000000080a02000,0x0000000085f80000)
 Metaspace       used 13174K, capacity 13730K, committed 13824K, reserved 1060864K
  class space    used 1844K, capacity 1969K, committed 2048K, reserved 1048576K
}
Event: 2.769 GC heap before
{Heap before GC invocations=2 (full 0):
 PSYoungGen      total 38400K, used 34849K [0x00000000d5900000, 0x00000000d8380000, 0x0000000100000000)
  eden space 33280K, 92% used [0x00000000d5900000,0x00000000d76f04d8,0x00000000d7980000)
  from space 5120K, 81% used [0x00000000d7980000,0x00000000d7d98030,0x00000000d7e80000)
  to   space 5120K, 0% used [0x00000000d7e80000,0x00000000d7e80000,0x00000000d8380000)
 ParOldGen       total 87552K, used 8K [0x0000000080a00000, 0x0000000085f80000, 0x00000000d5900000)
  object space 87552K, 0% used [0x0000000080a00000,0x0000000080a02000,0x0000000085f80000)
 Metaspace       used 19838K, capacity 21102K, committed 21248K, reserved 1067008K
  class space    used 3001K, capacity 3242K, committed 3328K, reserved 1048576K
Event: 2.782 GC heap after
Heap after GC invocations=2 (full 0):
 PSYoungGen      total 38400K, used 5088K [0x00000000d5900000, 0x00000000d8380000, 0x0000000100000000)
  eden space 33280K, 0% used [0x00000000d5900000,0x00000000d5900000,0x00000000d7980000)
  from space 5120K, 99% used [0x00000000d7e80000,0x00000000d8378030,0x00000000d8380000)
  to   space 5120K, 0% used [0x00000000d7980000,0x00000000d7980000,0x00000000d7e80000)
 ParOldGen       total 87552K, used 7898K [0x0000000080a00000, 0x0000000085f80000, 0x00000000d5900000)
  object space 87552K, 9% used [0x0000000080a00000,0x00000000811b6ba0,0x0000000085f80000)
 Metaspace       used 19838K, capacity 21102K, committed 21248K, reserved 1067008K
  class space    used 3001K, capacity 3242K, committed 3328K, reserved 1048576K
}
Event: 2.782 GC heap before
{Heap before GC invocations=3 (full 1):
 PSYoungGen      total 38400K, used 5088K [0x00000000d5900000, 0x00000000d8380000, 0x0000000100000000)
  eden space 33280K, 0% used [0x00000000d5900000,0x00000000d5900000,0x00000000d7980000)
  from space 5120K, 99% used [0x00000000d7e80000,0x00000000d8378030,0x00000000d8380000)
  to   space 5120K, 0% used [0x00000000d7980000,0x00000000d7980000,0x00000000d7e80000)
 ParOldGen       total 87552K, used 7898K [0x0000000080a00000, 0x0000000085f80000, 0x00000000d5900000)
  object space 87552K, 9% used [0x0000000080a00000,0x00000000811b6ba0,0x0000000085f80000)
 Metaspace       used 19838K, capacity 21102K, committed 21248K, reserved 1067008K
  class space    used 3001K, capacity 3242K, committed 3328K, reserved 1048576K
Event: 2.810 GC heap after
Heap after GC invocations=3 (full 1):
 PSYoungGen      total 38400K, used 0K [0x00000000d5900000, 0x00000000d8380000, 0x0000000100000000)
  eden space 33280K, 0% used [0x00000000d5900000,0x00000000d5900000,0x00000000d7980000)
  from space 5120K, 0% used [0x00000000d7e80000,0x00000000d7e80000,0x00000000d8380000)
  to   space 5120K, 0% used [0x00000000d7980000,0x00000000d7980000,0x00000000d7e80000)
 ParOldGen       total 73728K, used 10899K [0x0000000080a00000, 0x0000000085200000, 0x00000000d5900000)
  object space 73728K, 14% used [0x0000000080a00000,0x00000000814a4da0,0x0000000085200000)
 Metaspace       used 19838K, capacity 21102K, committed 21248K, reserved 1067008K
  class space    used 3001K, capacity 3242K, committed 3328K, reserved 1048576K
}

Deoptimization events (10 events):
Event: 2.817 Thread 0x000000001b6b9800 Uncommon trap: reason=unstable_if action=reinterpret pc=0x0000000004d9f8e8 method=jdk.internal.org.objectweb.asm.Type.getArgumentsAndReturnSizes(Ljava/lang/String;)I @ 47
Event: 2.823 Thread 0x000000001b6b9800 Uncommon trap: reason=unstable_if action=reinterpret pc=0x00000000050274ac method=javafx.scene.Node.impl_isDirtyEmpty()Z @ 4
Event: 2.841 Thread 0x000000001b649000 Uncommon trap: reason=unstable_if action=reinterpret pc=0x0000000004d2b790 method=java.lang.ref.SoftReference.get()Ljava/lang/Object; @ 17
Event: 3.413 Thread 0x000000001b649000 Uncommon trap: reason=unstable_if action=reinterpret pc=0x00000000051e5fc4 method=java.lang.Math.round(F)I @ 36
Event: 8.543 Thread 0x000000001b6b9800 Uncommon trap: reason=unstable_if action=reinterpret pc=0x0000000004d5a90c method=java.lang.String.indexOf([CII[CIII)I @ 3
Event: 8.546 Thread 0x000000001b6b9800 Uncommon trap: reason=class_check action=maybe_recompile pc=0x0000000004d988b8 method=java.util.HashMap.putVal(ILjava/lang/Object;Ljava/lang/Object;ZZ)Ljava/lang/Object; @ 253
Event: 8.546 Thread 0x000000001b6b9800 Uncommon trap: reason=class_check action=maybe_recompile pc=0x0000000004d988b8 method=java.util.HashMap.putVal(ILjava/lang/Object;Ljava/lang/Object;ZZ)Ljava/lang/Object; @ 253
Event: 8.546 Thread 0x000000001b6b9800 Uncommon trap: reason=class_check action=maybe_recompile pc=0x0000000004d988b8 method=java.util.HashMap.putVal(ILjava/lang/Object;Ljava/lang/Object;ZZ)Ljava/lang/Object; @ 253
Event: 8.546 Thread 0x000000001b6b9800 Uncommon trap: reason=class_check action=maybe_recompile pc=0x0000000004d988b8 method=java.util.HashMap.putVal(ILjava/lang/Object;Ljava/lang/Object;ZZ)Ljava/lang/Object; @ 253
Event: 8.549 Thread 0x000000001b6b9800 Uncommon trap: reason=unstable_if action=reinterpret pc=0x00000000052087b8 method=java.lang.ThreadLocal$ThreadLocalMap.getEntry(Ljava/lang/ThreadLocal;)Ljava/lang/ThreadLocal$ThreadLocalMap$Entry; @ 21

Classes redefined (0 events):
No events

Internal exceptions (10 events):
Event: 0.690 Thread 0x000000001b6b9800 Exception <a 'java/lang/ArrayIndexOutOfBoundsException'> (0x00000000d7278690) thrown at [C:\re\workspace\8-2-build-windows-amd64-cygwin\jdk8u162\10278\hotspot\src\share\vm\runtime\sharedRuntime.cpp, line 605]
Event: 0.861 Thread 0x000000001b6b9800 Exception <a 'java/lang/ArrayIndexOutOfBoundsException'> (0x00000000d7733118) thrown at [C:\re\workspace\8-2-build-windows-amd64-cygwin\jdk8u162\10278\hotspot\src\share\vm\runtime\sharedRuntime.cpp, line 605]
Event: 0.862 Thread 0x000000001b6b9800 Exception <a 'java/lang/ArrayIndexOutOfBoundsException'> (0x00000000d7734118) thrown at [C:\re\workspace\8-2-build-windows-amd64-cygwin\jdk8u162\10278\hotspot\src\share\vm\runtime\sharedRuntime.cpp, line 605]
Event: 0.862 Thread 0x000000001b6b9800 Exception <a 'java/lang/ArrayIndexOutOfBoundsException'> (0x00000000d7736880) thrown at [C:\re\workspace\8-2-build-windows-amd64-cygwin\jdk8u162\10278\hotspot\src\share\vm\runtime\sharedRuntime.cpp, line 605]
Event: 1.063 Thread 0x000000001b6b9800 Exception <a 'java/lang/ArrayIndexOutOfBoundsException'> (0x00000000d5925fa8) thrown at [C:\re\workspace\8-2-build-windows-amd64-cygwin\jdk8u162\10278\hotspot\src\share\vm\runtime\sharedRuntime.cpp, line 605]
Event: 1.106 Thread 0x000000001b6b9800 Implicit null exception at 0x0000000004cdd135 to 0x0000000004cdd351
Event: 1.106 Thread 0x000000001b6b9800 Implicit null exception at 0x0000000004d9d75b to 0x0000000004d9df15
Event: 2.732 Thread 0x000000001b6b9800 Implicit null exception at 0x0000000005130a1a to 0x00000000051313d1
Event: 2.733 Thread 0x000000001b6b9800 Implicit null exception at 0x0000000004f04330 to 0x0000000004f04a99
Event: 8.549 Thread 0x000000001b6b9800 Implicit null exception at 0x0000000005208730 to 0x000000000520879d

Events (10 events):
Event: 8.587 loading class sun/nio/fs/WindowsPath$WindowsPathWithAttributes
Event: 8.587 loading class sun/nio/fs/BasicFileAttributesHolder
Event: 8.587 loading class sun/nio/fs/BasicFileAttributesHolder done
Event: 8.587 loading class sun/nio/fs/WindowsPath$WindowsPathWithAttributes done
Event: 8.600 loading class java/io/DeleteOnExitHook
Event: 8.600 loading class java/io/DeleteOnExitHook done
Event: 8.600 loading class java/io/DeleteOnExitHook$1
Event: 8.600 loading class java/io/DeleteOnExitHook$1 done
Event: 8.628 loading class jaci/pathfinder/Trajectory
Event: 8.628 loading class jaci/pathfinder/Trajectory done


Dynamic libraries:
0x00007ff6d6e30000 - 0x00007ff6d6e67000 	E:\x64\Java\jdk1.8.0_162\bin\java.exe
0x00007fffa33c0000 - 0x00007fffa35a0000 	C:\WINDOWS\SYSTEM32\ntdll.dll
0x00007fffa15c0000 - 0x00007fffa166e000 	C:\WINDOWS\System32\KERNEL32.DLL
0x00007fff9fc20000 - 0x00007fff9fe86000 	C:\WINDOWS\System32\KERNELBASE.dll
0x00007fffa0470000 - 0x00007fffa0511000 	C:\WINDOWS\System32\ADVAPI32.dll
0x00007fffa32f0000 - 0x00007fffa338d000 	C:\WINDOWS\System32\msvcrt.dll
0x00007fffa00c0000 - 0x00007fffa011b000 	C:\WINDOWS\System32\sechost.dll
0x00007fffa0bd0000 - 0x00007fffa0cef000 	C:\WINDOWS\System32\RPCRT4.dll
0x00007fffa0cf0000 - 0x00007fffa0e7f000 	C:\WINDOWS\System32\USER32.dll
0x00007fff9fc00000 - 0x00007fff9fc20000 	C:\WINDOWS\System32\win32u.dll
0x00007fffa32c0000 - 0x00007fffa32e8000 	C:\WINDOWS\System32\GDI32.dll
0x00007fff9fa10000 - 0x00007fff9fba3000 	C:\WINDOWS\System32\gdi32full.dll
0x00007fff9f740000 - 0x00007fff9f7db000 	C:\WINDOWS\System32\msvcp_win.dll
0x00007fff9ffc0000 - 0x00007fffa00b6000 	C:\WINDOWS\System32\ucrtbase.dll
0x00007fff98be0000 - 0x00007fff98e49000 	C:\WINDOWS\WinSxS\amd64_microsoft.windows.common-controls_6595b64144ccf1df_6.0.16299.248_none_15ced204935f55d7\COMCTL32.dll
0x00007fffa0160000 - 0x00007fffa0468000 	C:\WINDOWS\System32\combase.dll
0x00007fff9fe90000 - 0x00007fff9ff02000 	C:\WINDOWS\System32\bcryptPrimitives.dll
0x00007fffa0120000 - 0x00007fffa014d000 	C:\WINDOWS\System32\IMM32.DLL
0x0000000057d40000 - 0x0000000057e11000 	E:\x64\Java\jdk1.8.0_162\jre\bin\msvcr100.dll
0x00000000574a0000 - 0x0000000057d40000 	E:\x64\Java\jdk1.8.0_162\jre\bin\server\jvm.dll
0x00007fffa0150000 - 0x00007fffa0158000 	C:\WINDOWS\System32\PSAPI.DLL
0x00007fff94fa0000 - 0x00007fff94fa9000 	C:\WINDOWS\SYSTEM32\WSOCK32.dll
0x00007fff9bff0000 - 0x00007fff9c013000 	C:\WINDOWS\SYSTEM32\WINMM.dll
0x00007fffa0b00000 - 0x00007fffa0b6c000 	C:\WINDOWS\System32\WS2_32.dll
0x00007fff98e60000 - 0x00007fff98e6a000 	C:\WINDOWS\SYSTEM32\VERSION.dll
0x00007fff9bfc0000 - 0x00007fff9bfea000 	C:\WINDOWS\SYSTEM32\WINMMBASE.dll
0x00007fff9fbb0000 - 0x00007fff9fbfa000 	C:\WINDOWS\System32\cfgmgr32.dll
0x0000000057490000 - 0x000000005749f000 	E:\x64\Java\jdk1.8.0_162\jre\bin\verify.dll
0x0000000057460000 - 0x0000000057489000 	E:\x64\Java\jdk1.8.0_162\jre\bin\java.dll
0x00000000568f0000 - 0x0000000056913000 	E:\x64\Java\jdk1.8.0_162\jre\bin\instrument.dll
0x0000000057410000 - 0x0000000057426000 	E:\x64\Java\jdk1.8.0_162\jre\bin\zip.dll
0x00007fffa1c10000 - 0x00007fffa3046000 	C:\WINDOWS\System32\SHELL32.dll
0x00007fffa0a30000 - 0x00007fffa0ad6000 	C:\WINDOWS\System32\shcore.dll
0x00007fff9eff0000 - 0x00007fff9f737000 	C:\WINDOWS\System32\windows.storage.dll
0x00007fffa13e0000 - 0x00007fffa1431000 	C:\WINDOWS\System32\shlwapi.dll
0x00007fff9ef80000 - 0x00007fff9ef91000 	C:\WINDOWS\System32\kernel.appcore.dll
0x00007fff9efa0000 - 0x00007fff9efec000 	C:\WINDOWS\System32\powrprof.dll
0x00007fff9ef40000 - 0x00007fff9ef5b000 	C:\WINDOWS\System32\profapi.dll
0x00007fff91d50000 - 0x00007fff91d6a000 	E:\x64\Intellij\bin\breakgen64.dll
0x00000000573f0000 - 0x000000005740a000 	E:\x64\Java\jdk1.8.0_162\jre\bin\net.dll
0x00007fff9e7d0000 - 0x00007fff9e836000 	C:\WINDOWS\system32\mswsock.dll
0x0000000002cf0000 - 0x0000000002cf3000 	E:\x64\Java\jdk1.8.0_162\jre\bin\api-ms-win-core-console-l1-1-0.dll
0x0000000002d00000 - 0x0000000002d03000 	E:\x64\Java\jdk1.8.0_162\jre\bin\api-ms-win-core-datetime-l1-1-0.dll
0x0000000002d10000 - 0x0000000002d13000 	E:\x64\Java\jdk1.8.0_162\jre\bin\api-ms-win-core-debug-l1-1-0.dll
0x0000000002d20000 - 0x0000000002d23000 	E:\x64\Java\jdk1.8.0_162\jre\bin\api-ms-win-core-errorhandling-l1-1-0.dll
0x00000000044e0000 - 0x00000000044e4000 	E:\x64\Java\jdk1.8.0_162\jre\bin\api-ms-win-core-file-l1-1-0.dll
0x00000000044f0000 - 0x00000000044f3000 	E:\x64\Java\jdk1.8.0_162\jre\bin\api-ms-win-core-file-l1-2-0.dll
0x0000000004500000 - 0x0000000004503000 	E:\x64\Java\jdk1.8.0_162\jre\bin\api-ms-win-core-file-l2-1-0.dll
0x0000000004510000 - 0x0000000004513000 	E:\x64\Java\jdk1.8.0_162\jre\bin\api-ms-win-core-handle-l1-1-0.dll
0x0000000004520000 - 0x0000000004523000 	E:\x64\Java\jdk1.8.0_162\jre\bin\api-ms-win-core-heap-l1-1-0.dll
0x0000000004530000 - 0x0000000004533000 	E:\x64\Java\jdk1.8.0_162\jre\bin\api-ms-win-core-interlocked-l1-1-0.dll
0x0000000004540000 - 0x0000000004543000 	E:\x64\Java\jdk1.8.0_162\jre\bin\api-ms-win-core-libraryloader-l1-1-0.dll
0x0000000004550000 - 0x0000000004553000 	E:\x64\Java\jdk1.8.0_162\jre\bin\api-ms-win-core-localization-l1-2-0.dll
0x0000000004560000 - 0x0000000004563000 	E:\x64\Java\jdk1.8.0_162\jre\bin\api-ms-win-core-memory-l1-1-0.dll
0x0000000004570000 - 0x0000000004573000 	E:\x64\Java\jdk1.8.0_162\jre\bin\api-ms-win-core-namedpipe-l1-1-0.dll
0x0000000004580000 - 0x0000000004583000 	E:\x64\Java\jdk1.8.0_162\jre\bin\api-ms-win-core-processenvironment-l1-1-0.dll
0x0000000004590000 - 0x0000000004593000 	E:\x64\Java\jdk1.8.0_162\jre\bin\api-ms-win-core-processthreads-l1-1-0.dll
0x00000000045a0000 - 0x00000000045a3000 	E:\x64\Java\jdk1.8.0_162\jre\bin\api-ms-win-core-processthreads-l1-1-1.dll
0x00000000045b0000 - 0x00000000045b3000 	E:\x64\Java\jdk1.8.0_162\jre\bin\api-ms-win-core-profile-l1-1-0.dll
0x00000000045d0000 - 0x00000000045d3000 	E:\x64\Java\jdk1.8.0_162\jre\bin\api-ms-win-core-rtlsupport-l1-1-0.dll
0x00000000045e0000 - 0x00000000045e3000 	E:\x64\Java\jdk1.8.0_162\jre\bin\api-ms-win-core-string-l1-1-0.dll
0x00000000045f0000 - 0x00000000045f3000 	E:\x64\Java\jdk1.8.0_162\jre\bin\api-ms-win-core-synch-l1-1-0.dll
0x0000000004600000 - 0x0000000004603000 	E:\x64\Java\jdk1.8.0_162\jre\bin\api-ms-win-core-synch-l1-2-0.dll
0x0000000004610000 - 0x0000000004613000 	E:\x64\Java\jdk1.8.0_162\jre\bin\api-ms-win-core-sysinfo-l1-1-0.dll
0x0000000004620000 - 0x0000000004623000 	E:\x64\Java\jdk1.8.0_162\jre\bin\api-ms-win-core-timezone-l1-1-0.dll
0x0000000004630000 - 0x0000000004633000 	E:\x64\Java\jdk1.8.0_162\jre\bin\api-ms-win-core-util-l1-1-0.dll
0x0000000004640000 - 0x0000000004643000 	E:\x64\Java\jdk1.8.0_162\jre\bin\api-ms-win-crt-conio-l1-1-0.dll
0x0000000004650000 - 0x0000000004654000 	E:\x64\Java\jdk1.8.0_162\jre\bin\api-ms-win-crt-convert-l1-1-0.dll
0x0000000004660000 - 0x0000000004663000 	E:\x64\Java\jdk1.8.0_162\jre\bin\api-ms-win-crt-environment-l1-1-0.dll
0x0000000004670000 - 0x0000000004673000 	E:\x64\Java\jdk1.8.0_162\jre\bin\api-ms-win-crt-filesystem-l1-1-0.dll
0x0000000004680000 - 0x0000000004683000 	E:\x64\Java\jdk1.8.0_162\jre\bin\api-ms-win-crt-heap-l1-1-0.dll
0x0000000004690000 - 0x0000000004693000 	E:\x64\Java\jdk1.8.0_162\jre\bin\api-ms-win-crt-locale-l1-1-0.dll
0x00000000046a0000 - 0x00000000046a5000 	E:\x64\Java\jdk1.8.0_162\jre\bin\api-ms-win-crt-math-l1-1-0.dll
0x000000001b5c0000 - 0x000000001b5c5000 	E:\x64\Java\jdk1.8.0_162\jre\bin\api-ms-win-crt-multibyte-l1-1-0.dll
0x000000001b5d0000 - 0x000000001b5e0000 	E:\x64\Java\jdk1.8.0_162\jre\bin\api-ms-win-crt-private-l1-1-0.dll
0x000000001b5e0000 - 0x000000001b5e3000 	E:\x64\Java\jdk1.8.0_162\jre\bin\api-ms-win-crt-process-l1-1-0.dll
0x000000001b5f0000 - 0x000000001b5f4000 	E:\x64\Java\jdk1.8.0_162\jre\bin\api-ms-win-crt-runtime-l1-1-0.dll
0x000000001b600000 - 0x000000001b604000 	E:\x64\Java\jdk1.8.0_162\jre\bin\api-ms-win-crt-stdio-l1-1-0.dll
0x000000001b610000 - 0x000000001b614000 	E:\x64\Java\jdk1.8.0_162\jre\bin\api-ms-win-crt-string-l1-1-0.dll
0x000000001b620000 - 0x000000001b623000 	E:\x64\Java\jdk1.8.0_162\jre\bin\api-ms-win-crt-time-l1-1-0.dll
0x000000001b630000 - 0x000000001b633000 	E:\x64\Java\jdk1.8.0_162\jre\bin\api-ms-win-crt-utility-l1-1-0.dll
0x00007fff7e5c0000 - 0x00007fff7e6b6000 	E:\x64\Java\jdk1.8.0_162\jre\bin\ucrtbase.dll
0x00007fff7ea00000 - 0x00007fff7ea51000 	E:\x64\Java\jdk1.8.0_162\jre\bin\concrt140.dll
0x00007fff7ba70000 - 0x00007fff7bb1a000 	C:\WINDOWS\SYSTEM32\MSVCP140.dll
0x00007fff8dff0000 - 0x00007fff8e006000 	C:\WINDOWS\SYSTEM32\VCRUNTIME140.dll
0x00007fff8dfd0000 - 0x00007fff8dfe6000 	E:\x64\Java\jdk1.8.0_162\jre\bin\vcruntime140.dll
0x00007fff7b9d0000 - 0x00007fff7ba6c000 	E:\x64\Java\jdk1.8.0_162\jre\bin\msvcp140.dll
0x00000000568c0000 - 0x00000000568e3000 	E:\x64\Java\jdk1.8.0_162\jre\bin\prism_d3d.dll
0x00007fff796f0000 - 0x00007fff79885000 	C:\WINDOWS\system32\d3d9.dll
0x00007fff9d7f0000 - 0x00007fff9d81a000 	C:\WINDOWS\SYSTEM32\dwmapi.dll
0x00007fff9d720000 - 0x00007fff9d7b5000 	C:\WINDOWS\system32\uxtheme.dll
0x00007fff67a80000 - 0x00007fff68b36000 	C:\WINDOWS\SYSTEM32\nvd3dumx.dll
0x0000000056480000 - 0x00000000564c9000 	E:\x64\Java\jdk1.8.0_162\jre\bin\glass.dll
0x00007fffa0e80000 - 0x00007fffa0f8a000 	C:\WINDOWS\System32\COMDLG32.dll
0x00007fffa1740000 - 0x00007fffa1889000 	C:\WINDOWS\System32\ole32.dll
0x00007fffa1670000 - 0x00007fffa1735000 	C:\WINDOWS\System32\OLEAUT32.dll
0x00007fffa1440000 - 0x00007fffa15a7000 	C:\WINDOWS\System32\MSCTF.dll
0x00007fff79c30000 - 0x00007fff79f21000 	E:\x86\LastPass\lastapphook_x64.dll
0x00007fff98960000 - 0x00007fff989e6000 	C:\WINDOWS\SYSTEM32\WINSPOOL.DRV
0x00007fff99210000 - 0x00007fff9927e000 	C:\WINDOWS\SYSTEM32\OLEACC.dll
0x00007fff9c0e0000 - 0x00007fff9c0e7000 	C:\WINDOWS\SYSTEM32\MSIMG32.dll
0x00007fff98370000 - 0x00007fff9850c000 	C:\WINDOWS\WinSxS\amd64_microsoft.windows.gdiplus_6595b64144ccf1df_1.1.16299.248_none_46b9c4e9edf1cfa5\gdiplus.dll
0x00007fff9e560000 - 0x00007fff9e599000 	C:\WINDOWS\SYSTEM32\IPHLPAPI.DLL
0x00007fff9eaa0000 - 0x00007fff9eac5000 	C:\WINDOWS\SYSTEM32\bcrypt.dll
0x00007fff9ee40000 - 0x00007fff9ee70000 	C:\WINDOWS\SYSTEM32\SspiCli.dll
0x00000000568a0000 - 0x00000000568b4000 	E:\x64\Java\jdk1.8.0_162\jre\bin\javafx_font.dll
0x00007fff8be00000 - 0x00007fff8c10f000 	C:\WINDOWS\SYSTEM32\dwrite.dll
0x00007fffa3220000 - 0x00007fffa32be000 	C:\WINDOWS\System32\clbcatq.dll
0x00007fff9a8e0000 - 0x00007fff9aa8b000 	C:\WINDOWS\SYSTEM32\WindowsCodecs.dll
0x00007fff8fe50000 - 0x00007fff8fe9f000 	C:\WINDOWS\system32\dataexchange.dll
0x00007fff9cb00000 - 0x00007fff9cde2000 	C:\WINDOWS\system32\d3d11.dll
0x00007fff9ced0000 - 0x00007fff9d012000 	C:\WINDOWS\system32\dcomp.dll
0x00007fff9ddb0000 - 0x00007fff9de5f000 	C:\WINDOWS\system32\dxgi.dll
0x00007fff9d8e0000 - 0x00007fff9da5b000 	C:\WINDOWS\system32\twinapi.appcore.dll
0x00007fff9da60000 - 0x00007fff9da80000 	C:\WINDOWS\system32\RMCLIENT.dll
0x00007fff8e010000 - 0x00007fff8e044000 	C:\Program Files\Common Files\Microsoft Shared\Ink\rtscom.dll
0x00007fff902e0000 - 0x00007fff90378000 	C:\WINDOWS\System32\TextInputFramework.dll
0x00007fff9cdf0000 - 0x00007fff9cecc000 	C:\WINDOWS\System32\CoreMessaging.dll
0x00007fff9a4b0000 - 0x00007fff9a79e000 	C:\WINDOWS\System32\CoreUIComponents.dll
0x00007fff9e080000 - 0x00007fff9e0b1000 	C:\WINDOWS\SYSTEM32\ntmarta.dll
0x00007fff9a2f0000 - 0x00007fff9a426000 	C:\WINDOWS\SYSTEM32\wintypes.dll
0x0000000056880000 - 0x0000000056892000 	E:\x64\Java\jdk1.8.0_162\jre\bin\prism_common.dll
0x00007fff9c540000 - 0x00007fff9caf8000 	C:\WINDOWS\SYSTEM32\d2d1.dll
0x00007fff9f840000 - 0x00007fff9fa0e000 	C:\WINDOWS\System32\CRYPT32.dll
0x00007fff9ef60000 - 0x00007fff9ef72000 	C:\WINDOWS\System32\MSASN1.dll
0x00007fff78f80000 - 0x00007fff796ec000 	C:\WINDOWS\SYSTEM32\D3D10Warp.dll
0x00007fff9ee70000 - 0x00007fff9ee99000 	C:\WINDOWS\SYSTEM32\USERENV.dll
0x00007fff8a020000 - 0x00007fff8a039000 	C:\WINDOWS\SYSTEM32\CLDAPI.dll

VM Arguments:
jvm_args: -Djava.library.path=D:\Documents\Programming\Java\IntelliJ Projects\motion-profile-generator\lib -javaagent:E:\x64\Intellij\lib\idea_rt.jar=53948:E:\x64\Intellij\bin -Dfile.encoding=UTF-8 
java_command: com.jtulayan.ui.javafx.Client
java_class_path (initial): E:\x64\Java\jdk1.8.0_162\jre\lib\charsets.jar;E:\x64\Java\jdk1.8.0_162\jre\lib\deploy.jar;E:\x64\Java\jdk1.8.0_162\jre\lib\ext\access-bridge-64.jar;E:\x64\Java\jdk1.8.0_162\jre\lib\ext\cldrdata.jar;E:\x64\Java\jdk1.8.0_162\jre\lib\ext\dnsns.jar;E:\x64\Java\jdk1.8.0_162\jre\lib\ext\jaccess.jar;E:\x64\Java\jdk1.8.0_162\jre\lib\ext\jfxrt.jar;E:\x64\Java\jdk1.8.0_162\jre\lib\ext\localedata.jar;E:\x64\Java\jdk1.8.0_162\jre\lib\ext\nashorn.jar;E:\x64\Java\jdk1.8.0_162\jre\lib\ext\sunec.jar;E:\x64\Java\jdk1.8.0_162\jre\lib\ext\sunjce_provider.jar;E:\x64\Java\jdk1.8.0_162\jre\lib\ext\sunmscapi.jar;E:\x64\Java\jdk1.8.0_162\jre\lib\ext\sunpkcs11.jar;E:\x64\Java\jdk1.8.0_162\jre\lib\ext\zipfs.jar;E:\x64\Java\jdk1.8.0_162\jre\lib\javaws.jar;E:\x64\Java\jdk1.8.0_162\jre\lib\jce.jar;E:\x64\Java\jdk1.8.0_162\jre\lib\jfr.jar;E:\x64\Java\jdk1.8.0_162\jre\lib\jfxswt.jar;E:\x64\Java\jdk1.8.0_162\jre\lib\jsse.jar;E:\x64\Java\jdk1.8.0_162\jre\lib\management-agent.jar;E:\x64\Java\jdk1.8.0_162\jre\lib\plugin.jar;E:\x64\Java\jdk1.8.0_162\jre\lib\resources.jar;E:\x64\Java\jdk1.8.0_162\jre\lib\rt.jar;D:\Documents\Programming\Java\IntelliJ Projects\motion-profile-generator\out\production\motion-profile-generator;D:\Documents\Programming\Java\IntelliJ Projects\motion-profile-generator\lib\pathfinder.jar;E:\x64\Intellij\lib\idea_rt.jar
Launcher Type: SUN_STANDARD

Environment Variables:
JAVA_HOME=E:\x64\Java\jdk1.8.0_162
PATH=C:\Program Files (x86)\NVIDIA Corporation\PhysX\Common;C:\ProgramData\Oracle\Java\javapath;E:\x64\Python\Scripts\;E:\x64\Python\;E:\x64\Ruby\bin;C:\WINDOWS\system32;C:\WINDOWS;C:\WINDOWS\System32\Wbem;C:\WINDOWS\System32\WindowsPowerShell\v1.0\;E:\x64\Java\jre1.8.0_162;E:\x86\Brackets\command;E:\x64\PuTTY\;C:\Program Files (x86)\GtkSharp\2.12\bin;E:\x86\gradle-4.3\bin;E:\x64\Git\cmd;E:\x64\Java\jdk1.8.0_162\bin;C:\frc\bin;C:\Program Files\dotnet\;C:\Users\Jared Tulayan\AppData\Local\Microsoft\WindowsApps;;E:\x64\Microsoft VS Code\bin
USERNAME=Jared Tulayan
OS=Windows_NT
PROCESSOR_IDENTIFIER=AMD64 Family 23 Model 1 Stepping 1, AuthenticAMD



---------------  S Y S T E M  ---------------

OS: Windows 10.0 , 64 bit Build 16299 (10.0.16299.15)

CPU:total 4 (initial active 4) (4 cores per cpu, 1 threads per core) family 23 model 1 stepping 1, cmov, cx8, fxsr, mmx, sse, sse2, sse3, ssse3, sse4.1, sse4.2, popcnt, avx, avx2, aes, clmul, mmxext, 3dnowpref, lzcnt, sse4a, tsc, tscinvbit, tscinv, bmi1

Memory: 4k page, physical 8340476k(1599000k free), swap 16729084k(5883336k free)

vm_info: Java HotSpot(TM) 64-Bit Server VM (25.162-b12) for windows-amd64 JRE (1.8.0_162-b12), built on Dec 19 2017 20:00:03 by "java_re" with MS VC++ 10.0 (VS2010)

time: Wed Feb 21 22:00:12 2018
elapsed time: 8 seconds (0d 0h 0m 8s)

